2022-08-15 18:08:783 INFO  ManageDriver :31 - Launching Chrome Browser
2022-08-15 18:08:987 INFO  Homepage :35 - Clicking on Accept Cookies : [[ChromeDriver: chrome on WINDOWS (5f99b68ca40c5fb5064e8599f3c36f1b)] -> xpath: //button[contains(text(),'Accept All Cookies')]]
2022-08-15 18:08:40 INFO  Homepage :30 - Clicking on Kitchen : [[ChromeDriver: chrome on WINDOWS (5f99b68ca40c5fb5064e8599f3c36f1b)] -> xpath: //header/div[@id='menu']/nav[1]/ul[1]/li[3]/a[1]]
2022-08-15 18:08:842 INFO  Kitchen :25 - Clicking on Tiered Wire Basket : [[ChromeDriver: chrome on WINDOWS (5f99b68ca40c5fb5064e8599f3c36f1b)] -> xpath: //a[contains(text(),'Tiered Wire Basket')]]
2022-08-15 18:08:804 INFO  TieredWireBasket :28 - Clicking on Add To Chart : [[ChromeDriver: chrome on WINDOWS (5f99b68ca40c5fb5064e8599f3c36f1b)] -> xpath: //input[@id='form-action-addToCart']]
2022-08-15 18:08:116 INFO  TieredWireBasket :33 - Clicking on Proceed To Checkout : [[ChromeDriver: chrome on WINDOWS (5f99b68ca40c5fb5064e8599f3c36f1b)] -> xpath: //a[contains(text(),'Proceed to checkout')]]
2022-08-15 18:08:696 INFO  Checkout :110 - i verify the price : [[ChromeDriver: chrome on WINDOWS (5f99b68ca40c5fb5064e8599f3c36f1b)] -> xpath: //body/div[@id='checkout-app']/div[1]/div[1]/div[1]/aside[1]/article[1]/section[3]/div[1]/div[1]/span[2]/span[1]]
2022-08-15 18:08:718 INFO  Checkout :97 - Clicking yes on Privacy Policy : [[ChromeDriver: chrome on WINDOWS (5f99b68ca40c5fb5064e8599f3c36f1b)] -> xpath: //body[1]/div[1]/div[1]/div[1]/div[1]/div[1]/ol[1]/li[1]/div[2]/div[1]/div[1]/form[1]/fieldset[1]/div[1]/div[1]/div[1]/fieldset[1]/div[1]/div[1]/label[1]/span[1]]
2022-08-15 18:08:956 INFO  Checkout :92 - I Enter email : [[ChromeDriver: chrome on WINDOWS (5f99b68ca40c5fb5064e8599f3c36f1b)] -> xpath: //input[@id='email']]
2022-08-15 18:08:69 INFO  Checkout :103 - Clicking on Continue as guest : [[ChromeDriver: chrome on WINDOWS (5f99b68ca40c5fb5064e8599f3c36f1b)] -> xpath: //button[@id='checkout-customer-continue']]
2022-08-15 18:08:269 INFO  Checkout :115 - I Enter First Name : [[ChromeDriver: chrome on WINDOWS (5f99b68ca40c5fb5064e8599f3c36f1b)] -> xpath: //input[@id='firstNameInput']]
2022-08-15 18:08:391 INFO  Checkout :120 - I Enter Last Name : [[ChromeDriver: chrome on WINDOWS (5f99b68ca40c5fb5064e8599f3c36f1b)] -> xpath: //input[@id='lastNameInput']]
2022-08-15 18:08:486 INFO  Checkout :125 - I Enter Address Name : [[ChromeDriver: chrome on WINDOWS (5f99b68ca40c5fb5064e8599f3c36f1b)] -> id: addressLine1Input]
2022-08-15 18:08:689 INFO  Checkout :130 - I Enter City Name : London
2022-08-15 18:08:217 INFO  ManageDriver :31 - Launching Chrome Browser
2022-08-15 18:08:516 INFO  Homepage :35 - Clicking on Accept Cookies : [[ChromeDriver: chrome on WINDOWS (93f1c2bdee984e25db99a54ae02c2482)] -> xpath: //button[contains(text(),'Accept All Cookies')]]
2022-08-15 18:08:569 INFO  Homepage :30 - Clicking on Kitchen : [[ChromeDriver: chrome on WINDOWS (93f1c2bdee984e25db99a54ae02c2482)] -> xpath: //header/div[@id='menu']/nav[1]/ul[1]/li[3]/a[1]]
2022-08-15 18:08:342 INFO  Kitchen :25 - Clicking on Tiered Wire Basket : [[ChromeDriver: chrome on WINDOWS (93f1c2bdee984e25db99a54ae02c2482)] -> xpath: //a[contains(text(),'Tiered Wire Basket')]]
2022-08-15 18:08:266 INFO  TieredWireBasket :28 - Clicking on Add To Chart : [[ChromeDriver: chrome on WINDOWS (93f1c2bdee984e25db99a54ae02c2482)] -> xpath: //input[@id='form-action-addToCart']]
2022-08-15 18:08:452 INFO  TieredWireBasket :33 - Clicking on Proceed To Checkout : [[ChromeDriver: chrome on WINDOWS (93f1c2bdee984e25db99a54ae02c2482)] -> xpath: //a[contains(text(),'Proceed to checkout')]]
2022-08-15 18:08:122 INFO  Checkout :110 - i verify the price : [[ChromeDriver: chrome on WINDOWS (93f1c2bdee984e25db99a54ae02c2482)] -> xpath: //body/div[@id='checkout-app']/div[1]/div[1]/div[1]/aside[1]/article[1]/section[3]/div[1]/div[1]/span[2]/span[1]]
2022-08-15 18:08:139 INFO  Checkout :97 - Clicking yes on Privacy Policy : [[ChromeDriver: chrome on WINDOWS (93f1c2bdee984e25db99a54ae02c2482)] -> xpath: //body[1]/div[1]/div[1]/div[1]/div[1]/div[1]/ol[1]/li[1]/div[2]/div[1]/div[1]/form[1]/fieldset[1]/div[1]/div[1]/div[1]/fieldset[1]/div[1]/div[1]/label[1]/span[1]]
2022-08-15 18:08:380 INFO  Checkout :92 - I Enter email : [[ChromeDriver: chrome on WINDOWS (93f1c2bdee984e25db99a54ae02c2482)] -> xpath: //input[@id='email']]
2022-08-15 18:08:496 INFO  Checkout :103 - Clicking on Continue as guest : [[ChromeDriver: chrome on WINDOWS (93f1c2bdee984e25db99a54ae02c2482)] -> xpath: //button[@id='checkout-customer-continue']]
2022-08-15 18:08:722 INFO  Checkout :115 - I Enter First Name : [[ChromeDriver: chrome on WINDOWS (93f1c2bdee984e25db99a54ae02c2482)] -> xpath: //input[@id='firstNameInput']]
2022-08-15 18:08:840 INFO  Checkout :120 - I Enter Last Name : [[ChromeDriver: chrome on WINDOWS (93f1c2bdee984e25db99a54ae02c2482)] -> xpath: //input[@id='lastNameInput']]
2022-08-15 18:08:941 INFO  Checkout :125 - I Enter Address Name : [[ChromeDriver: chrome on WINDOWS (93f1c2bdee984e25db99a54ae02c2482)] -> id: addressLine1Input]
2022-08-15 18:08:149 INFO  Checkout :130 - I Enter City Name : London
2022-08-15 18:08:267 INFO  Checkout :136 - I Enter Post Code : [[ChromeDriver: chrome on WINDOWS (93f1c2bdee984e25db99a54ae02c2482)] -> id: postCodeInput]
2022-08-15 18:08:373 INFO  Checkout :141 - I Enter PhoneNumber : [[ChromeDriver: chrome on WINDOWS (93f1c2bdee984e25db99a54ae02c2482)] -> id: phoneInput]
2022-08-15 18:08:363 INFO  ManageDriver :31 - Launching Chrome Browser
2022-08-15 18:08:808 INFO  Homepage :35 - Clicking on Accept Cookies : [[ChromeDriver: chrome on WINDOWS (53a987070d5e948e717db35d8bb60c7e)] -> xpath: //button[contains(text(),'Accept All Cookies')]]
2022-08-15 18:08:861 INFO  Homepage :30 - Clicking on Kitchen : [[ChromeDriver: chrome on WINDOWS (53a987070d5e948e717db35d8bb60c7e)] -> xpath: //header/div[@id='menu']/nav[1]/ul[1]/li[3]/a[1]]
2022-08-15 18:08:925 INFO  Kitchen :25 - Clicking on Tiered Wire Basket : [[ChromeDriver: chrome on WINDOWS (53a987070d5e948e717db35d8bb60c7e)] -> xpath: //a[contains(text(),'Tiered Wire Basket')]]
2022-08-15 18:08:799 INFO  TieredWireBasket :28 - Clicking on Add To Chart : [[ChromeDriver: chrome on WINDOWS (53a987070d5e948e717db35d8bb60c7e)] -> xpath: //input[@id='form-action-addToCart']]
2022-08-15 18:08:881 INFO  TieredWireBasket :33 - Clicking on Proceed To Checkout : [[ChromeDriver: chrome on WINDOWS (53a987070d5e948e717db35d8bb60c7e)] -> xpath: //a[contains(text(),'Proceed to checkout')]]
2022-08-15 18:08:351 INFO  Checkout :105 - i verify the price : [[ChromeDriver: chrome on WINDOWS (53a987070d5e948e717db35d8bb60c7e)] -> xpath: //body/div[@id='checkout-app']/div[1]/div[1]/div[1]/aside[1]/article[1]/section[3]/div[1]/div[1]/span[2]/span[1]]
2022-08-15 18:08:367 INFO  Checkout :92 - Clicking yes on Privacy Policy : [[ChromeDriver: chrome on WINDOWS (53a987070d5e948e717db35d8bb60c7e)] -> xpath: //body[1]/div[1]/div[1]/div[1]/div[1]/div[1]/ol[1]/li[1]/div[2]/div[1]/div[1]/form[1]/fieldset[1]/div[1]/div[1]/div[1]/fieldset[1]/div[1]/div[1]/label[1]/span[1]]
2022-08-15 18:08:609 INFO  Checkout :87 - I Enter email : [[ChromeDriver: chrome on WINDOWS (53a987070d5e948e717db35d8bb60c7e)] -> xpath: //input[@id='email']]
2022-08-15 18:08:719 INFO  Checkout :98 - Clicking on Continue as guest : [[ChromeDriver: chrome on WINDOWS (53a987070d5e948e717db35d8bb60c7e)] -> xpath: //button[@id='checkout-customer-continue']]
2022-08-15 18:08:902 INFO  Checkout :110 - I Enter First Name : [[ChromeDriver: chrome on WINDOWS (53a987070d5e948e717db35d8bb60c7e)] -> xpath: //input[@id='firstNameInput']]
2022-08-15 18:08:17 INFO  Checkout :115 - I Enter Last Name : [[ChromeDriver: chrome on WINDOWS (53a987070d5e948e717db35d8bb60c7e)] -> xpath: //input[@id='lastNameInput']]
2022-08-15 18:08:112 INFO  Checkout :120 - I Enter Address Name : [[ChromeDriver: chrome on WINDOWS (53a987070d5e948e717db35d8bb60c7e)] -> id: addressLine1Input]
2022-08-15 18:08:327 INFO  Checkout :125 - I Enter City Name : London
2022-08-15 18:08:444 INFO  Checkout :131 - I Enter Post Code : [[ChromeDriver: chrome on WINDOWS (53a987070d5e948e717db35d8bb60c7e)] -> id: postCodeInput]
2022-08-15 18:08:549 INFO  Checkout :136 - I Enter PhoneNumber : [[ChromeDriver: chrome on WINDOWS (53a987070d5e948e717db35d8bb60c7e)] -> id: phoneInput]
2022-08-15 18:08:696 INFO  Checkout :141 - I click On Continue : [[ChromeDriver: chrome on WINDOWS (53a987070d5e948e717db35d8bb60c7e)] -> xpath: //button[@id='checkout-shipping-continue']]
2022-08-15 18:08:33 INFO  ManageDriver :31 - Launching Chrome Browser
2022-08-15 18:08:790 INFO  Homepage :35 - Clicking on Accept Cookies : [[ChromeDriver: chrome on WINDOWS (1f3aa632375e45f8f5611140bdc937b7)] -> xpath: //button[contains(text(),'Accept All Cookies')]]
2022-08-15 18:08:844 INFO  Homepage :30 - Clicking on Kitchen : [[ChromeDriver: chrome on WINDOWS (1f3aa632375e45f8f5611140bdc937b7)] -> xpath: //header/div[@id='menu']/nav[1]/ul[1]/li[3]/a[1]]
2022-08-15 18:08:833 INFO  Kitchen :25 - Clicking on Tiered Wire Basket : [[ChromeDriver: chrome on WINDOWS (1f3aa632375e45f8f5611140bdc937b7)] -> xpath: //a[contains(text(),'Tiered Wire Basket')]]
2022-08-15 18:08:820 INFO  TieredWireBasket :28 - Clicking on Add To Chart : [[ChromeDriver: chrome on WINDOWS (1f3aa632375e45f8f5611140bdc937b7)] -> xpath: //input[@id='form-action-addToCart']]
2022-08-15 18:08:09 INFO  TieredWireBasket :33 - Clicking on Proceed To Checkout : [[ChromeDriver: chrome on WINDOWS (1f3aa632375e45f8f5611140bdc937b7)] -> xpath: //a[contains(text(),'Proceed to checkout')]]
2022-08-15 18:08:643 INFO  Checkout :105 - i verify the price : [[ChromeDriver: chrome on WINDOWS (1f3aa632375e45f8f5611140bdc937b7)] -> xpath: //body/div[@id='checkout-app']/div[1]/div[1]/div[1]/aside[1]/article[1]/section[3]/div[1]/div[1]/span[2]/span[1]]
2022-08-15 18:08:660 INFO  Checkout :92 - Clicking yes on Privacy Policy : [[ChromeDriver: chrome on WINDOWS (1f3aa632375e45f8f5611140bdc937b7)] -> xpath: //body[1]/div[1]/div[1]/div[1]/div[1]/div[1]/ol[1]/li[1]/div[2]/div[1]/div[1]/form[1]/fieldset[1]/div[1]/div[1]/div[1]/fieldset[1]/div[1]/div[1]/label[1]/span[1]]
2022-08-15 18:08:907 INFO  Checkout :87 - I Enter email : [[ChromeDriver: chrome on WINDOWS (1f3aa632375e45f8f5611140bdc937b7)] -> xpath: //input[@id='email']]
2022-08-15 18:08:15 INFO  Checkout :98 - Clicking on Continue as guest : [[ChromeDriver: chrome on WINDOWS (1f3aa632375e45f8f5611140bdc937b7)] -> xpath: //button[@id='checkout-customer-continue']]
2022-08-15 18:08:206 INFO  Checkout :110 - I Enter First Name : [[ChromeDriver: chrome on WINDOWS (1f3aa632375e45f8f5611140bdc937b7)] -> xpath: //input[@id='firstNameInput']]
2022-08-15 18:08:324 INFO  Checkout :115 - I Enter Last Name : [[ChromeDriver: chrome on WINDOWS (1f3aa632375e45f8f5611140bdc937b7)] -> xpath: //input[@id='lastNameInput']]
2022-08-15 18:08:422 INFO  Checkout :120 - I Enter Address Name : [[ChromeDriver: chrome on WINDOWS (1f3aa632375e45f8f5611140bdc937b7)] -> id: addressLine1Input]
2022-08-15 18:08:639 INFO  Checkout :125 - I Enter City Name : London
2022-08-15 18:08:768 INFO  Checkout :131 - I Enter Post Code : [[ChromeDriver: chrome on WINDOWS (1f3aa632375e45f8f5611140bdc937b7)] -> id: postCodeInput]
2022-08-15 18:08:873 INFO  Checkout :136 - I Enter PhoneNumber : [[ChromeDriver: chrome on WINDOWS (1f3aa632375e45f8f5611140bdc937b7)] -> id: phoneInput]
2022-08-15 18:08:22 INFO  Checkout :141 - I click On Continue : [[ChromeDriver: chrome on WINDOWS (1f3aa632375e45f8f5611140bdc937b7)] -> xpath: //button[@id='checkout-shipping-continue']]
2022-08-15 18:08:483 INFO  ManageDriver :31 - Launching Chrome Browser
2022-08-15 18:08:815 INFO  Homepage :35 - Clicking on Accept Cookies : [[ChromeDriver: chrome on WINDOWS (965d9545832c08664f30d2af6aa1ac35)] -> xpath: //button[contains(text(),'Accept All Cookies')]]
2022-08-15 18:08:867 INFO  Homepage :30 - Clicking on Kitchen : [[ChromeDriver: chrome on WINDOWS (965d9545832c08664f30d2af6aa1ac35)] -> xpath: //header/div[@id='menu']/nav[1]/ul[1]/li[3]/a[1]]
2022-08-15 18:08:585 INFO  Kitchen :25 - Clicking on Tiered Wire Basket : [[ChromeDriver: chrome on WINDOWS (965d9545832c08664f30d2af6aa1ac35)] -> xpath: //a[contains(text(),'Tiered Wire Basket')]]
2022-08-15 18:08:548 INFO  TieredWireBasket :28 - Clicking on Add To Chart : [[ChromeDriver: chrome on WINDOWS (965d9545832c08664f30d2af6aa1ac35)] -> xpath: //input[@id='form-action-addToCart']]
2022-08-15 18:08:736 INFO  TieredWireBasket :33 - Clicking on Proceed To Checkout : [[ChromeDriver: chrome on WINDOWS (965d9545832c08664f30d2af6aa1ac35)] -> xpath: //a[contains(text(),'Proceed to checkout')]]
2022-08-15 18:08:568 INFO  Checkout :105 - i verify the price : [[ChromeDriver: chrome on WINDOWS (965d9545832c08664f30d2af6aa1ac35)] -> xpath: //body/div[@id='checkout-app']/div[1]/div[1]/div[1]/aside[1]/article[1]/section[3]/div[1]/div[1]/span[2]/span[1]]
2022-08-15 18:08:586 INFO  Checkout :92 - Clicking yes on Privacy Policy : [[ChromeDriver: chrome on WINDOWS (965d9545832c08664f30d2af6aa1ac35)] -> xpath: //body[1]/div[1]/div[1]/div[1]/div[1]/div[1]/ol[1]/li[1]/div[2]/div[1]/div[1]/form[1]/fieldset[1]/div[1]/div[1]/div[1]/fieldset[1]/div[1]/div[1]/label[1]/span[1]]
2022-08-15 18:08:783 INFO  Checkout :87 - I Enter email : [[ChromeDriver: chrome on WINDOWS (965d9545832c08664f30d2af6aa1ac35)] -> xpath: //input[@id='email']]
2022-08-15 18:08:894 INFO  Checkout :98 - Clicking on Continue as guest : [[ChromeDriver: chrome on WINDOWS (965d9545832c08664f30d2af6aa1ac35)] -> xpath: //button[@id='checkout-customer-continue']]
2022-08-15 18:08:116 INFO  Checkout :110 - I Enter First Name : [[ChromeDriver: chrome on WINDOWS (965d9545832c08664f30d2af6aa1ac35)] -> xpath: //input[@id='firstNameInput']]
2022-08-15 18:08:254 INFO  Checkout :115 - I Enter Last Name : [[ChromeDriver: chrome on WINDOWS (965d9545832c08664f30d2af6aa1ac35)] -> xpath: //input[@id='lastNameInput']]
2022-08-15 18:08:354 INFO  Checkout :120 - I Enter Address Name : [[ChromeDriver: chrome on WINDOWS (965d9545832c08664f30d2af6aa1ac35)] -> id: addressLine1Input]
2022-08-15 18:08:557 INFO  Checkout :125 - I Enter City Name : London
2022-08-15 18:08:674 INFO  Checkout :131 - I Enter Post Code : [[ChromeDriver: chrome on WINDOWS (965d9545832c08664f30d2af6aa1ac35)] -> id: postCodeInput]
2022-08-15 18:08:778 INFO  Checkout :136 - I Enter PhoneNumber : [[ChromeDriver: chrome on WINDOWS (965d9545832c08664f30d2af6aa1ac35)] -> id: phoneInput]
2022-08-15 18:08:920 INFO  Checkout :141 - I click On Continue : [[ChromeDriver: chrome on WINDOWS (965d9545832c08664f30d2af6aa1ac35)] -> xpath: //button[@id='checkout-shipping-continue']]
2022-08-15 18:08:427 INFO  ManageDriver :31 - Launching Chrome Browser
2022-08-15 18:08:614 INFO  Homepage :35 - Clicking on Accept Cookies : [[ChromeDriver: chrome on WINDOWS (73f3883d97d088580c970b349c0c5c32)] -> xpath: //button[contains(text(),'Accept All Cookies')]]
2022-08-15 18:08:666 INFO  Homepage :30 - Clicking on Kitchen : [[ChromeDriver: chrome on WINDOWS (73f3883d97d088580c970b349c0c5c32)] -> xpath: //header/div[@id='menu']/nav[1]/ul[1]/li[3]/a[1]]
2022-08-15 18:08:728 INFO  Kitchen :25 - Clicking on Tiered Wire Basket : [[ChromeDriver: chrome on WINDOWS (73f3883d97d088580c970b349c0c5c32)] -> xpath: //a[contains(text(),'Tiered Wire Basket')]]
2022-08-15 18:08:662 INFO  TieredWireBasket :28 - Clicking on Add To Chart : [[ChromeDriver: chrome on WINDOWS (73f3883d97d088580c970b349c0c5c32)] -> xpath: //input[@id='form-action-addToCart']]
2022-08-15 18:08:794 INFO  TieredWireBasket :33 - Clicking on Proceed To Checkout : [[ChromeDriver: chrome on WINDOWS (73f3883d97d088580c970b349c0c5c32)] -> xpath: //a[contains(text(),'Proceed to checkout')]]
2022-08-15 18:08:281 INFO  Checkout :105 - i verify the price : [[ChromeDriver: chrome on WINDOWS (73f3883d97d088580c970b349c0c5c32)] -> xpath: //body/div[@id='checkout-app']/div[1]/div[1]/div[1]/aside[1]/article[1]/section[3]/div[1]/div[1]/span[2]/span[1]]
2022-08-15 18:08:298 INFO  Checkout :92 - Clicking yes on Privacy Policy : [[ChromeDriver: chrome on WINDOWS (73f3883d97d088580c970b349c0c5c32)] -> xpath: //body[1]/div[1]/div[1]/div[1]/div[1]/div[1]/ol[1]/li[1]/div[2]/div[1]/div[1]/form[1]/fieldset[1]/div[1]/div[1]/div[1]/fieldset[1]/div[1]/div[1]/label[1]/span[1]]
2022-08-15 18:08:547 INFO  Checkout :87 - I Enter email : [[ChromeDriver: chrome on WINDOWS (73f3883d97d088580c970b349c0c5c32)] -> xpath: //input[@id='email']]
2022-08-15 18:08:655 INFO  Checkout :98 - Clicking on Continue as guest : [[ChromeDriver: chrome on WINDOWS (73f3883d97d088580c970b349c0c5c32)] -> xpath: //button[@id='checkout-customer-continue']]
2022-08-15 18:08:997 INFO  Checkout :110 - I Enter First Name : [[ChromeDriver: chrome on WINDOWS (73f3883d97d088580c970b349c0c5c32)] -> xpath: //input[@id='firstNameInput']]
2022-08-15 18:08:106 INFO  Checkout :115 - I Enter Last Name : [[ChromeDriver: chrome on WINDOWS (73f3883d97d088580c970b349c0c5c32)] -> xpath: //input[@id='lastNameInput']]
2022-08-15 18:08:202 INFO  Checkout :120 - I Enter Address Name : [[ChromeDriver: chrome on WINDOWS (73f3883d97d088580c970b349c0c5c32)] -> id: addressLine1Input]
2022-08-15 18:08:404 INFO  Checkout :125 - I Enter City Name : London
2022-08-15 18:08:520 INFO  Checkout :131 - I Enter Post Code : [[ChromeDriver: chrome on WINDOWS (73f3883d97d088580c970b349c0c5c32)] -> id: postCodeInput]
2022-08-15 18:08:623 INFO  Checkout :136 - I Enter PhoneNumber : [[ChromeDriver: chrome on WINDOWS (73f3883d97d088580c970b349c0c5c32)] -> id: phoneInput]
2022-08-15 18:08:769 INFO  Checkout :141 - I click On Continue : [[ChromeDriver: chrome on WINDOWS (73f3883d97d088580c970b349c0c5c32)] -> xpath: //button[@id='checkout-shipping-continue']]
2022-08-15 18:08:797 INFO  ManageDriver :31 - Launching Chrome Browser
2022-08-15 18:08:166 INFO  Homepage :35 - Clicking on Accept Cookies : [[ChromeDriver: chrome on WINDOWS (92af5b4a56e81fb78b3e8b02ba29dea2)] -> xpath: //button[contains(text(),'Accept All Cookies')]]
2022-08-15 18:08:220 INFO  Homepage :30 - Clicking on Kitchen : [[ChromeDriver: chrome on WINDOWS (92af5b4a56e81fb78b3e8b02ba29dea2)] -> xpath: //header/div[@id='menu']/nav[1]/ul[1]/li[3]/a[1]]
2022-08-15 18:08:181 INFO  Kitchen :25 - Clicking on Tiered Wire Basket : [[ChromeDriver: chrome on WINDOWS (92af5b4a56e81fb78b3e8b02ba29dea2)] -> xpath: //a[contains(text(),'Tiered Wire Basket')]]
2022-08-15 18:08:214 INFO  TieredWireBasket :28 - Clicking on Add To Chart : [[ChromeDriver: chrome on WINDOWS (92af5b4a56e81fb78b3e8b02ba29dea2)] -> xpath: //input[@id='form-action-addToCart']]
2022-08-15 18:08:415 INFO  TieredWireBasket :33 - Clicking on Proceed To Checkout : [[ChromeDriver: chrome on WINDOWS (92af5b4a56e81fb78b3e8b02ba29dea2)] -> xpath: //a[contains(text(),'Proceed to checkout')]]
2022-08-15 18:08:874 INFO  Checkout :105 - i verify the price : [[ChromeDriver: chrome on WINDOWS (92af5b4a56e81fb78b3e8b02ba29dea2)] -> xpath: //body/div[@id='checkout-app']/div[1]/div[1]/div[1]/aside[1]/article[1]/section[3]/div[1]/div[1]/span[2]/span[1]]
2022-08-15 18:08:892 INFO  Checkout :92 - Clicking yes on Privacy Policy : [[ChromeDriver: chrome on WINDOWS (92af5b4a56e81fb78b3e8b02ba29dea2)] -> xpath: //body[1]/div[1]/div[1]/div[1]/div[1]/div[1]/ol[1]/li[1]/div[2]/div[1]/div[1]/form[1]/fieldset[1]/div[1]/div[1]/div[1]/fieldset[1]/div[1]/div[1]/label[1]/span[1]]
2022-08-15 18:08:135 INFO  Checkout :87 - I Enter email : [[ChromeDriver: chrome on WINDOWS (92af5b4a56e81fb78b3e8b02ba29dea2)] -> xpath: //input[@id='email']]
2022-08-15 18:08:247 INFO  Checkout :98 - Clicking on Continue as guest : [[ChromeDriver: chrome on WINDOWS (92af5b4a56e81fb78b3e8b02ba29dea2)] -> xpath: //button[@id='checkout-customer-continue']]
2022-08-15 18:08:480 INFO  Checkout :110 - I Enter First Name : [[ChromeDriver: chrome on WINDOWS (92af5b4a56e81fb78b3e8b02ba29dea2)] -> xpath: //input[@id='firstNameInput']]
2022-08-15 18:08:617 INFO  Checkout :115 - I Enter Last Name : [[ChromeDriver: chrome on WINDOWS (92af5b4a56e81fb78b3e8b02ba29dea2)] -> xpath: //input[@id='lastNameInput']]
2022-08-15 18:08:729 INFO  Checkout :120 - I Enter Address Name : [[ChromeDriver: chrome on WINDOWS (92af5b4a56e81fb78b3e8b02ba29dea2)] -> id: addressLine1Input]
2022-08-15 18:08:931 INFO  Checkout :125 - I Enter City Name : London
2022-08-15 18:08:48 INFO  Checkout :131 - I Enter Post Code : [[ChromeDriver: chrome on WINDOWS (92af5b4a56e81fb78b3e8b02ba29dea2)] -> id: postCodeInput]
2022-08-15 18:08:153 INFO  Checkout :136 - I Enter PhoneNumber : [[ChromeDriver: chrome on WINDOWS (92af5b4a56e81fb78b3e8b02ba29dea2)] -> id: phoneInput]
2022-08-15 18:08:300 INFO  Checkout :141 - I click On Continue : [[ChromeDriver: chrome on WINDOWS (92af5b4a56e81fb78b3e8b02ba29dea2)] -> xpath: //button[@id='checkout-shipping-continue']]
2022-08-15 18:08:708 INFO  ManageDriver :31 - Launching Chrome Browser
2022-08-15 18:08:933 INFO  Homepage :35 - Clicking on Accept Cookies : [[ChromeDriver: chrome on WINDOWS (78f8dbe76be32961d431774566449ed6)] -> xpath: //button[contains(text(),'Accept All Cookies')]]
2022-08-15 18:08:985 INFO  Homepage :30 - Clicking on Kitchen : [[ChromeDriver: chrome on WINDOWS (78f8dbe76be32961d431774566449ed6)] -> xpath: //header/div[@id='menu']/nav[1]/ul[1]/li[3]/a[1]]
2022-08-15 18:08:881 INFO  Kitchen :25 - Clicking on Tiered Wire Basket : [[ChromeDriver: chrome on WINDOWS (78f8dbe76be32961d431774566449ed6)] -> xpath: //a[contains(text(),'Tiered Wire Basket')]]
2022-08-15 18:08:846 INFO  TieredWireBasket :28 - Clicking on Add To Chart : [[ChromeDriver: chrome on WINDOWS (78f8dbe76be32961d431774566449ed6)] -> xpath: //input[@id='form-action-addToCart']]
2022-08-15 18:08:907 INFO  TieredWireBasket :33 - Clicking on Proceed To Checkout : [[ChromeDriver: chrome on WINDOWS (78f8dbe76be32961d431774566449ed6)] -> xpath: //a[contains(text(),'Proceed to checkout')]]
2022-08-15 18:08:505 INFO  Checkout :105 - i verify the price : [[ChromeDriver: chrome on WINDOWS (78f8dbe76be32961d431774566449ed6)] -> xpath: //body/div[@id='checkout-app']/div[1]/div[1]/div[1]/aside[1]/article[1]/section[3]/div[1]/div[1]/span[2]/span[1]]
2022-08-15 18:08:528 INFO  Checkout :92 - Clicking yes on Privacy Policy : [[ChromeDriver: chrome on WINDOWS (78f8dbe76be32961d431774566449ed6)] -> xpath: //body[1]/div[1]/div[1]/div[1]/div[1]/div[1]/ol[1]/li[1]/div[2]/div[1]/div[1]/form[1]/fieldset[1]/div[1]/div[1]/div[1]/fieldset[1]/div[1]/div[1]/label[1]/span[1]]
2022-08-15 18:08:842 INFO  Checkout :87 - I Enter email : [[ChromeDriver: chrome on WINDOWS (78f8dbe76be32961d431774566449ed6)] -> xpath: //input[@id='email']]
2022-08-15 18:08:953 INFO  Checkout :98 - Clicking on Continue as guest : [[ChromeDriver: chrome on WINDOWS (78f8dbe76be32961d431774566449ed6)] -> xpath: //button[@id='checkout-customer-continue']]
2022-08-15 18:08:849 INFO  Checkout :110 - I Enter First Name : [[ChromeDriver: chrome on WINDOWS (78f8dbe76be32961d431774566449ed6)] -> xpath: //input[@id='firstNameInput']]
2022-08-15 18:08:944 INFO  Checkout :115 - I Enter Last Name : [[ChromeDriver: chrome on WINDOWS (78f8dbe76be32961d431774566449ed6)] -> xpath: //input[@id='lastNameInput']]
2022-08-15 18:08:45 INFO  Checkout :120 - I Enter Address Name : [[ChromeDriver: chrome on WINDOWS (78f8dbe76be32961d431774566449ed6)] -> id: addressLine1Input]
2022-08-15 18:08:252 INFO  Checkout :125 - I Enter City Name : London
2022-08-15 18:08:367 INFO  Checkout :131 - I Enter Post Code : [[ChromeDriver: chrome on WINDOWS (78f8dbe76be32961d431774566449ed6)] -> id: postCodeInput]
2022-08-15 18:08:475 INFO  Checkout :136 - I Enter PhoneNumber : [[ChromeDriver: chrome on WINDOWS (78f8dbe76be32961d431774566449ed6)] -> id: phoneInput]
2022-08-15 18:08:575 INFO  ManageDriver :31 - Launching Chrome Browser
2022-08-15 18:08:873 INFO  Homepage :35 - Clicking on Accept Cookies : [[ChromeDriver: chrome on WINDOWS (45c07812a798d9f24223cdddb231fc7f)] -> xpath: //button[contains(text(),'Accept All Cookies')]]
2022-08-15 18:08:926 INFO  Homepage :30 - Clicking on Kitchen : [[ChromeDriver: chrome on WINDOWS (45c07812a798d9f24223cdddb231fc7f)] -> xpath: //header/div[@id='menu']/nav[1]/ul[1]/li[3]/a[1]]
2022-08-15 18:08:851 INFO  Kitchen :25 - Clicking on Tiered Wire Basket : [[ChromeDriver: chrome on WINDOWS (45c07812a798d9f24223cdddb231fc7f)] -> xpath: //a[contains(text(),'Tiered Wire Basket')]]
2022-08-15 18:08:907 INFO  TieredWireBasket :28 - Clicking on Add To Chart : [[ChromeDriver: chrome on WINDOWS (45c07812a798d9f24223cdddb231fc7f)] -> xpath: //input[@id='form-action-addToCart']]
2022-08-15 18:08:92 INFO  TieredWireBasket :33 - Clicking on Proceed To Checkout : [[ChromeDriver: chrome on WINDOWS (45c07812a798d9f24223cdddb231fc7f)] -> xpath: //a[contains(text(),'Proceed to checkout')]]
2022-08-15 18:08:587 INFO  Checkout :105 - i verify the price : [[ChromeDriver: chrome on WINDOWS (45c07812a798d9f24223cdddb231fc7f)] -> xpath: //body/div[@id='checkout-app']/div[1]/div[1]/div[1]/aside[1]/article[1]/section[3]/div[1]/div[1]/span[2]/span[1]]
2022-08-15 18:08:971 INFO  ManageDriver :31 - Launching Chrome Browser
2022-08-15 18:08:216 INFO  Homepage :35 - Clicking on Accept Cookies : [[ChromeDriver: chrome on WINDOWS (e76510ecb381ecd1e70cde7d2c069579)] -> xpath: //button[contains(text(),'Accept All Cookies')]]
2022-08-15 18:08:269 INFO  Homepage :30 - Clicking on Kitchen : [[ChromeDriver: chrome on WINDOWS (e76510ecb381ecd1e70cde7d2c069579)] -> xpath: //header/div[@id='menu']/nav[1]/ul[1]/li[3]/a[1]]
2022-08-15 18:08:143 INFO  Kitchen :25 - Clicking on Tiered Wire Basket : [[ChromeDriver: chrome on WINDOWS (e76510ecb381ecd1e70cde7d2c069579)] -> xpath: //a[contains(text(),'Tiered Wire Basket')]]
2022-08-15 18:08:110 INFO  TieredWireBasket :28 - Clicking on Add To Chart : [[ChromeDriver: chrome on WINDOWS (e76510ecb381ecd1e70cde7d2c069579)] -> xpath: //input[@id='form-action-addToCart']]
2022-08-15 18:08:671 INFO  TieredWireBasket :33 - Clicking on Proceed To Checkout : [[ChromeDriver: chrome on WINDOWS (e76510ecb381ecd1e70cde7d2c069579)] -> xpath: //a[contains(text(),'Proceed to checkout')]]
2022-08-15 18:08:207 INFO  Checkout :105 - i verify the price : [[ChromeDriver: chrome on WINDOWS (e76510ecb381ecd1e70cde7d2c069579)] -> xpath: //body/div[@id='checkout-app']/div[1]/div[1]/div[1]/aside[1]/article[1]/section[3]/div[1]/div[1]/span[2]/span[1]]
2022-08-15 18:08:229 INFO  Checkout :92 - Clicking yes on Privacy Policy : [[ChromeDriver: chrome on WINDOWS (e76510ecb381ecd1e70cde7d2c069579)] -> xpath: //body[1]/div[1]/div[1]/div[1]/div[1]/div[1]/ol[1]/li[1]/div[2]/div[1]/div[1]/form[1]/fieldset[1]/div[1]/div[1]/div[1]/fieldset[1]/div[1]/div[1]/label[1]/span[1]]
2022-08-15 18:08:473 INFO  Checkout :87 - I Enter email : [[ChromeDriver: chrome on WINDOWS (e76510ecb381ecd1e70cde7d2c069579)] -> xpath: //input[@id='email']]
2022-08-15 18:08:584 INFO  Checkout :98 - Clicking on Continue as guest : [[ChromeDriver: chrome on WINDOWS (e76510ecb381ecd1e70cde7d2c069579)] -> xpath: //button[@id='checkout-customer-continue']]
2022-08-15 18:08:04 INFO  Checkout :110 - I Enter First Name : [[ChromeDriver: chrome on WINDOWS (e76510ecb381ecd1e70cde7d2c069579)] -> xpath: //input[@id='firstNameInput']]
2022-08-15 18:08:145 INFO  Checkout :115 - I Enter Last Name : [[ChromeDriver: chrome on WINDOWS (e76510ecb381ecd1e70cde7d2c069579)] -> xpath: //input[@id='lastNameInput']]
2022-08-15 18:08:245 INFO  Checkout :120 - I Enter Address Name : [[ChromeDriver: chrome on WINDOWS (e76510ecb381ecd1e70cde7d2c069579)] -> id: addressLine1Input]
2022-08-15 18:08:448 INFO  Checkout :125 - I Enter City Name : London
2022-08-15 18:08:567 INFO  Checkout :131 - I Enter Post Code : [[ChromeDriver: chrome on WINDOWS (e76510ecb381ecd1e70cde7d2c069579)] -> id: postCodeInput]
2022-08-15 18:08:678 INFO  Checkout :136 - I Enter PhoneNumber : [[ChromeDriver: chrome on WINDOWS (e76510ecb381ecd1e70cde7d2c069579)] -> id: phoneInput]
2022-08-15 18:08:588 INFO  ManageDriver :31 - Launching Chrome Browser
2022-08-15 18:08:789 INFO  Homepage :35 - Clicking on Accept Cookies : [[ChromeDriver: chrome on WINDOWS (bc3d0d8069dd081956ffca31ed008fb9)] -> xpath: //button[contains(text(),'Accept All Cookies')]]
2022-08-15 18:08:840 INFO  Homepage :30 - Clicking on Kitchen : [[ChromeDriver: chrome on WINDOWS (bc3d0d8069dd081956ffca31ed008fb9)] -> xpath: //header/div[@id='menu']/nav[1]/ul[1]/li[3]/a[1]]
2022-08-15 18:08:665 INFO  Kitchen :25 - Clicking on Tiered Wire Basket : [[ChromeDriver: chrome on WINDOWS (bc3d0d8069dd081956ffca31ed008fb9)] -> xpath: //a[contains(text(),'Tiered Wire Basket')]]
2022-08-15 18:08:576 INFO  TieredWireBasket :28 - Clicking on Add To Chart : [[ChromeDriver: chrome on WINDOWS (bc3d0d8069dd081956ffca31ed008fb9)] -> xpath: //input[@id='form-action-addToCart']]
2022-08-15 18:08:707 INFO  TieredWireBasket :33 - Clicking on Proceed To Checkout : [[ChromeDriver: chrome on WINDOWS (bc3d0d8069dd081956ffca31ed008fb9)] -> xpath: //a[contains(text(),'Proceed to checkout')]]
2022-08-15 18:08:229 INFO  Checkout :105 - i verify the price : [[ChromeDriver: chrome on WINDOWS (bc3d0d8069dd081956ffca31ed008fb9)] -> xpath: //body/div[@id='checkout-app']/div[1]/div[1]/div[1]/aside[1]/article[1]/section[3]/div[1]/div[1]/span[2]/span[1]]
2022-08-15 18:08:248 INFO  Checkout :92 - Clicking yes on Privacy Policy : [[ChromeDriver: chrome on WINDOWS (bc3d0d8069dd081956ffca31ed008fb9)] -> xpath: //body[1]/div[1]/div[1]/div[1]/div[1]/div[1]/ol[1]/li[1]/div[2]/div[1]/div[1]/form[1]/fieldset[1]/div[1]/div[1]/div[1]/fieldset[1]/div[1]/div[1]/label[1]/span[1]]
2022-08-15 18:08:505 INFO  Checkout :87 - I Enter email : [[ChromeDriver: chrome on WINDOWS (bc3d0d8069dd081956ffca31ed008fb9)] -> xpath: //input[@id='email']]
2022-08-15 18:08:615 INFO  Checkout :98 - Clicking on Continue as guest : [[ChromeDriver: chrome on WINDOWS (bc3d0d8069dd081956ffca31ed008fb9)] -> xpath: //button[@id='checkout-customer-continue']]
2022-08-15 18:08:820 INFO  Checkout :110 - I Enter First Name : [[ChromeDriver: chrome on WINDOWS (bc3d0d8069dd081956ffca31ed008fb9)] -> xpath: //input[@id='firstNameInput']]
2022-08-15 18:08:945 INFO  Checkout :115 - I Enter Last Name : [[ChromeDriver: chrome on WINDOWS (bc3d0d8069dd081956ffca31ed008fb9)] -> xpath: //input[@id='lastNameInput']]
2022-08-15 18:08:39 INFO  Checkout :120 - I Enter Address Name : [[ChromeDriver: chrome on WINDOWS (bc3d0d8069dd081956ffca31ed008fb9)] -> id: addressLine1Input]
2022-08-15 18:08:245 INFO  Checkout :125 - I Enter City Name : London
2022-08-15 18:08:367 INFO  Checkout :131 - I Enter Post Code : [[ChromeDriver: chrome on WINDOWS (bc3d0d8069dd081956ffca31ed008fb9)] -> id: postCodeInput]
2022-08-15 18:08:473 INFO  Checkout :136 - I Enter PhoneNumber : [[ChromeDriver: chrome on WINDOWS (bc3d0d8069dd081956ffca31ed008fb9)] -> id: phoneInput]
2022-08-15 18:08:618 INFO  Checkout :141 - I click On Continue : [[ChromeDriver: chrome on WINDOWS (bc3d0d8069dd081956ffca31ed008fb9)] -> xpath: //button[@id='checkout-shipping-continue']]
2022-08-15 18:08:13 INFO  ManageDriver :32 - Launching Chrome Browser
2022-08-15 18:08:501 INFO  Homepage :35 - Clicking on Accept Cookies : [[ChromeDriver: chrome on WINDOWS (47ec062fe4b0023071cdde407715e4df)] -> xpath: //button[contains(text(),'Accept All Cookies')]]
2022-08-15 18:08:553 INFO  Homepage :30 - Clicking on Kitchen : [[ChromeDriver: chrome on WINDOWS (47ec062fe4b0023071cdde407715e4df)] -> xpath: //header/div[@id='menu']/nav[1]/ul[1]/li[3]/a[1]]
2022-08-15 18:08:655 INFO  Kitchen :25 - Clicking on Tiered Wire Basket : [[ChromeDriver: chrome on WINDOWS (47ec062fe4b0023071cdde407715e4df)] -> xpath: //a[contains(text(),'Tiered Wire Basket')]]
2022-08-15 18:08:650 INFO  TieredWireBasket :28 - Clicking on Add To Chart : [[ChromeDriver: chrome on WINDOWS (47ec062fe4b0023071cdde407715e4df)] -> xpath: //input[@id='form-action-addToCart']]
2022-08-15 18:08:898 INFO  TieredWireBasket :33 - Clicking on Proceed To Checkout : [[ChromeDriver: chrome on WINDOWS (47ec062fe4b0023071cdde407715e4df)] -> xpath: //a[contains(text(),'Proceed to checkout')]]
2022-08-15 18:08:508 INFO  Checkout :105 - i verify the price : [[ChromeDriver: chrome on WINDOWS (47ec062fe4b0023071cdde407715e4df)] -> xpath: //body/div[@id='checkout-app']/div[1]/div[1]/div[1]/aside[1]/article[1]/section[3]/div[1]/div[1]/span[2]/span[1]]
2022-08-15 18:08:530 INFO  Checkout :92 - Clicking yes on Privacy Policy : [[ChromeDriver: chrome on WINDOWS (47ec062fe4b0023071cdde407715e4df)] -> xpath: //body[1]/div[1]/div[1]/div[1]/div[1]/div[1]/ol[1]/li[1]/div[2]/div[1]/div[1]/form[1]/fieldset[1]/div[1]/div[1]/div[1]/fieldset[1]/div[1]/div[1]/label[1]/span[1]]
2022-08-15 18:08:839 INFO  Checkout :87 - I Enter email : [[ChromeDriver: chrome on WINDOWS (47ec062fe4b0023071cdde407715e4df)] -> xpath: //input[@id='email']]
2022-08-15 18:08:952 INFO  Checkout :98 - Clicking on Continue as guest : [[ChromeDriver: chrome on WINDOWS (47ec062fe4b0023071cdde407715e4df)] -> xpath: //button[@id='checkout-customer-continue']]
2022-08-15 18:08:224 INFO  Checkout :110 - I Enter First Name : [[ChromeDriver: chrome on WINDOWS (47ec062fe4b0023071cdde407715e4df)] -> xpath: //input[@id='firstNameInput']]
2022-08-15 18:08:364 INFO  Checkout :115 - I Enter Last Name : [[ChromeDriver: chrome on WINDOWS (47ec062fe4b0023071cdde407715e4df)] -> xpath: //input[@id='lastNameInput']]
2022-08-15 18:08:467 INFO  Checkout :120 - I Enter Address Name : [[ChromeDriver: chrome on WINDOWS (47ec062fe4b0023071cdde407715e4df)] -> id: addressLine1Input]
2022-08-15 18:08:674 INFO  Checkout :125 - I Enter City Name : London
2022-08-15 18:08:808 INFO  Checkout :131 - I Enter Post Code : [[ChromeDriver: chrome on WINDOWS (47ec062fe4b0023071cdde407715e4df)] -> id: postCodeInput]
2022-08-15 18:08:913 INFO  Checkout :136 - I Enter PhoneNumber : [[ChromeDriver: chrome on WINDOWS (47ec062fe4b0023071cdde407715e4df)] -> id: phoneInput]
2022-08-15 18:08:55 INFO  Checkout :141 - I click On Continue : [[ChromeDriver: chrome on WINDOWS (47ec062fe4b0023071cdde407715e4df)] -> xpath: //button[@id='checkout-shipping-continue']]
2022-08-15 18:08:125 INFO  ManageDriver :32 - Launching Chrome Browser
2022-08-15 18:08:295 INFO  Homepage :35 - Clicking on Accept Cookies : [[ChromeDriver: chrome on WINDOWS (ce1d02c6bc87943bfc986b57e72d1c58)] -> xpath: //button[contains(text(),'Accept All Cookies')]]
2022-08-15 18:08:352 INFO  Homepage :30 - Clicking on Kitchen : [[ChromeDriver: chrome on WINDOWS (ce1d02c6bc87943bfc986b57e72d1c58)] -> xpath: //header/div[@id='menu']/nav[1]/ul[1]/li[3]/a[1]]
2022-08-15 18:08:256 INFO  Kitchen :25 - Clicking on Tiered Wire Basket : [[ChromeDriver: chrome on WINDOWS (ce1d02c6bc87943bfc986b57e72d1c58)] -> xpath: //a[contains(text(),'Tiered Wire Basket')]]
2022-08-15 18:08:282 INFO  TieredWireBasket :28 - Clicking on Add To Chart : [[ChromeDriver: chrome on WINDOWS (ce1d02c6bc87943bfc986b57e72d1c58)] -> xpath: //input[@id='form-action-addToCart']]
2022-08-15 18:08:543 INFO  TieredWireBasket :33 - Clicking on Proceed To Checkout : [[ChromeDriver: chrome on WINDOWS (ce1d02c6bc87943bfc986b57e72d1c58)] -> xpath: //a[contains(text(),'Proceed to checkout')]]
2022-08-15 18:08:401 INFO  Checkout :105 - i verify the price : [[ChromeDriver: chrome on WINDOWS (ce1d02c6bc87943bfc986b57e72d1c58)] -> xpath: //body/div[@id='checkout-app']/div[1]/div[1]/div[1]/aside[1]/article[1]/section[3]/div[1]/div[1]/span[2]/span[1]]
2022-08-15 18:08:425 INFO  Checkout :92 - Clicking yes on Privacy Policy : [[ChromeDriver: chrome on WINDOWS (ce1d02c6bc87943bfc986b57e72d1c58)] -> xpath: //body[1]/div[1]/div[1]/div[1]/div[1]/div[1]/ol[1]/li[1]/div[2]/div[1]/div[1]/form[1]/fieldset[1]/div[1]/div[1]/div[1]/fieldset[1]/div[1]/div[1]/label[1]/span[1]]
2022-08-15 18:08:729 INFO  Checkout :87 - I Enter email : [[ChromeDriver: chrome on WINDOWS (ce1d02c6bc87943bfc986b57e72d1c58)] -> xpath: //input[@id='email']]
2022-08-15 18:08:844 INFO  Checkout :98 - Clicking on Continue as guest : [[ChromeDriver: chrome on WINDOWS (ce1d02c6bc87943bfc986b57e72d1c58)] -> xpath: //button[@id='checkout-customer-continue']]
2022-08-15 18:08:107 INFO  Checkout :110 - I Enter First Name : [[ChromeDriver: chrome on WINDOWS (ce1d02c6bc87943bfc986b57e72d1c58)] -> xpath: //input[@id='firstNameInput']]
2022-08-15 18:08:246 INFO  Checkout :115 - I Enter Last Name : [[ChromeDriver: chrome on WINDOWS (ce1d02c6bc87943bfc986b57e72d1c58)] -> xpath: //input[@id='lastNameInput']]
2022-08-15 18:08:342 INFO  Checkout :120 - I Enter Address Name : [[ChromeDriver: chrome on WINDOWS (ce1d02c6bc87943bfc986b57e72d1c58)] -> id: addressLine1Input]
2022-08-15 18:08:548 INFO  Checkout :125 - I Enter City Name : London
2022-08-15 18:08:663 INFO  Checkout :131 - I Enter Post Code : [[ChromeDriver: chrome on WINDOWS (ce1d02c6bc87943bfc986b57e72d1c58)] -> id: postCodeInput]
2022-08-15 18:08:774 INFO  Checkout :136 - I Enter PhoneNumber : [[ChromeDriver: chrome on WINDOWS (ce1d02c6bc87943bfc986b57e72d1c58)] -> id: phoneInput]
2022-08-15 18:08:930 INFO  Checkout :141 - I click On Continue : [[ChromeDriver: chrome on WINDOWS (ce1d02c6bc87943bfc986b57e72d1c58)] -> xpath: //button[@id='checkout-shipping-continue']]
2022-08-15 19:08:156 INFO  ManageDriver :32 - Launching Chrome Browser
2022-08-15 19:08:592 INFO  Homepage :35 - Clicking on Accept Cookies : [[ChromeDriver: chrome on WINDOWS (02b8e34626b5309a33e0d477a7db5f85)] -> xpath: //button[contains(text(),'Accept All Cookies')]]
2022-08-15 19:08:645 INFO  Homepage :30 - Clicking on Kitchen : [[ChromeDriver: chrome on WINDOWS (02b8e34626b5309a33e0d477a7db5f85)] -> xpath: //header/div[@id='menu']/nav[1]/ul[1]/li[3]/a[1]]
2022-08-15 19:08:842 INFO  Kitchen :25 - Clicking on Tiered Wire Basket : [[ChromeDriver: chrome on WINDOWS (02b8e34626b5309a33e0d477a7db5f85)] -> xpath: //a[contains(text(),'Tiered Wire Basket')]]
2022-08-15 19:08:95 INFO  TieredWireBasket :28 - Clicking on Add To Chart : [[ChromeDriver: chrome on WINDOWS (02b8e34626b5309a33e0d477a7db5f85)] -> xpath: //input[@id='form-action-addToCart']]
2022-08-15 19:08:355 INFO  TieredWireBasket :33 - Clicking on Proceed To Checkout : [[ChromeDriver: chrome on WINDOWS (02b8e34626b5309a33e0d477a7db5f85)] -> xpath: //a[contains(text(),'Proceed to checkout')]]
2022-08-15 19:08:880 INFO  Checkout :107 - i verify the price : [[ChromeDriver: chrome on WINDOWS (02b8e34626b5309a33e0d477a7db5f85)] -> xpath: //body/div[@id='checkout-app']/div[1]/div[1]/div[1]/aside[1]/article[1]/section[3]/div[1]/div[1]/span[2]/span[1]]
2022-08-15 19:08:903 INFO  Checkout :94 - Clicking yes on Privacy Policy : [[ChromeDriver: chrome on WINDOWS (02b8e34626b5309a33e0d477a7db5f85)] -> xpath: //body[1]/div[1]/div[1]/div[1]/div[1]/div[1]/ol[1]/li[1]/div[2]/div[1]/div[1]/form[1]/fieldset[1]/div[1]/div[1]/div[1]/fieldset[1]/div[1]/div[1]/label[1]/span[1]]
2022-08-15 19:08:153 INFO  Checkout :89 - I Enter email : [[ChromeDriver: chrome on WINDOWS (02b8e34626b5309a33e0d477a7db5f85)] -> xpath: //input[@id='email']]
2022-08-15 19:08:265 INFO  Checkout :100 - Clicking on Continue as guest : [[ChromeDriver: chrome on WINDOWS (02b8e34626b5309a33e0d477a7db5f85)] -> xpath: //button[@id='checkout-customer-continue']]
2022-08-15 19:08:571 INFO  Checkout :112 - I Enter First Name : [[ChromeDriver: chrome on WINDOWS (02b8e34626b5309a33e0d477a7db5f85)] -> xpath: //input[@id='firstNameInput']]
2022-08-15 19:08:713 INFO  Checkout :117 - I Enter Last Name : [[ChromeDriver: chrome on WINDOWS (02b8e34626b5309a33e0d477a7db5f85)] -> xpath: //input[@id='lastNameInput']]
2022-08-15 19:08:814 INFO  Checkout :122 - I Enter Address Name : [[ChromeDriver: chrome on WINDOWS (02b8e34626b5309a33e0d477a7db5f85)] -> id: addressLine1Input]
2022-08-15 19:08:17 INFO  Checkout :127 - I Enter City Name : London
2022-08-15 19:08:134 INFO  Checkout :133 - I Enter Post Code : [[ChromeDriver: chrome on WINDOWS (02b8e34626b5309a33e0d477a7db5f85)] -> id: postCodeInput]
2022-08-15 19:08:239 INFO  Checkout :138 - I Enter PhoneNumber : [[ChromeDriver: chrome on WINDOWS (02b8e34626b5309a33e0d477a7db5f85)] -> id: phoneInput]
2022-08-15 19:08:434 INFO  Checkout :145 - I click On Continue : [[ChromeDriver: chrome on WINDOWS (02b8e34626b5309a33e0d477a7db5f85)] -> xpath: //button[@id='checkout-shipping-continue']]
2022-08-15 19:08:298 INFO  ManageDriver :32 - Launching Chrome Browser
2022-08-15 19:08:716 INFO  Homepage :35 - Clicking on Accept Cookies : [[ChromeDriver: chrome on WINDOWS (e9cb6344bddd0bd9da2ff6022f0c6b0a)] -> xpath: //button[contains(text(),'Accept All Cookies')]]
2022-08-15 19:08:768 INFO  Homepage :30 - Clicking on Kitchen : [[ChromeDriver: chrome on WINDOWS (e9cb6344bddd0bd9da2ff6022f0c6b0a)] -> xpath: //header/div[@id='menu']/nav[1]/ul[1]/li[3]/a[1]]
2022-08-15 19:08:732 INFO  Kitchen :25 - Clicking on Tiered Wire Basket : [[ChromeDriver: chrome on WINDOWS (e9cb6344bddd0bd9da2ff6022f0c6b0a)] -> xpath: //a[contains(text(),'Tiered Wire Basket')]]
2022-08-15 19:08:107 INFO  TieredWireBasket :28 - Clicking on Add To Chart : [[ChromeDriver: chrome on WINDOWS (e9cb6344bddd0bd9da2ff6022f0c6b0a)] -> xpath: //input[@id='form-action-addToCart']]
2022-08-15 19:08:432 INFO  TieredWireBasket :33 - Clicking on Proceed To Checkout : [[ChromeDriver: chrome on WINDOWS (e9cb6344bddd0bd9da2ff6022f0c6b0a)] -> xpath: //a[contains(text(),'Proceed to checkout')]]
2022-08-15 19:08:941 INFO  Checkout :107 - i verify the price : [[ChromeDriver: chrome on WINDOWS (e9cb6344bddd0bd9da2ff6022f0c6b0a)] -> xpath: //body/div[@id='checkout-app']/div[1]/div[1]/div[1]/aside[1]/article[1]/section[3]/div[1]/div[1]/span[2]/span[1]]
2022-08-15 19:08:965 INFO  Checkout :94 - Clicking yes on Privacy Policy : [[ChromeDriver: chrome on WINDOWS (e9cb6344bddd0bd9da2ff6022f0c6b0a)] -> xpath: //body[1]/div[1]/div[1]/div[1]/div[1]/div[1]/ol[1]/li[1]/div[2]/div[1]/div[1]/form[1]/fieldset[1]/div[1]/div[1]/div[1]/fieldset[1]/div[1]/div[1]/label[1]/span[1]]
2022-08-15 19:08:204 INFO  Checkout :89 - I Enter email : [[ChromeDriver: chrome on WINDOWS (e9cb6344bddd0bd9da2ff6022f0c6b0a)] -> xpath: //input[@id='email']]
2022-08-15 19:08:314 INFO  Checkout :100 - Clicking on Continue as guest : [[ChromeDriver: chrome on WINDOWS (e9cb6344bddd0bd9da2ff6022f0c6b0a)] -> xpath: //button[@id='checkout-customer-continue']]
2022-08-15 19:08:562 INFO  Checkout :112 - I Enter First Name : [[ChromeDriver: chrome on WINDOWS (e9cb6344bddd0bd9da2ff6022f0c6b0a)] -> xpath: //input[@id='firstNameInput']]
2022-08-15 19:08:700 INFO  Checkout :117 - I Enter Last Name : [[ChromeDriver: chrome on WINDOWS (e9cb6344bddd0bd9da2ff6022f0c6b0a)] -> xpath: //input[@id='lastNameInput']]
2022-08-15 19:08:798 INFO  Checkout :122 - I Enter Address Name : [[ChromeDriver: chrome on WINDOWS (e9cb6344bddd0bd9da2ff6022f0c6b0a)] -> id: addressLine1Input]
2022-08-15 19:08:06 INFO  Checkout :127 - I Enter City Name : London
2022-08-15 19:08:125 INFO  Checkout :133 - I Enter Post Code : [[ChromeDriver: chrome on WINDOWS (e9cb6344bddd0bd9da2ff6022f0c6b0a)] -> id: postCodeInput]
2022-08-15 19:08:236 INFO  Checkout :139 - I Enter PhoneNumber : [[ChromeDriver: chrome on WINDOWS (e9cb6344bddd0bd9da2ff6022f0c6b0a)] -> id: phoneInput]
2022-08-15 19:08:392 INFO  Checkout :147 - I click On Continue : [[ChromeDriver: chrome on WINDOWS (e9cb6344bddd0bd9da2ff6022f0c6b0a)] -> xpath: //button[@id='checkout-shipping-continue']]
2022-08-15 19:08:18 INFO  ManageDriver :32 - Launching Chrome Browser
2022-08-15 19:08:388 INFO  Homepage :35 - Clicking on Accept Cookies : [[ChromeDriver: chrome on WINDOWS (74826ed9bb043734d4483116aabd9fe2)] -> xpath: //button[contains(text(),'Accept All Cookies')]]
2022-08-15 19:08:441 INFO  Homepage :30 - Clicking on Kitchen : [[ChromeDriver: chrome on WINDOWS (74826ed9bb043734d4483116aabd9fe2)] -> xpath: //header/div[@id='menu']/nav[1]/ul[1]/li[3]/a[1]]
2022-08-15 19:08:359 INFO  Kitchen :25 - Clicking on Tiered Wire Basket : [[ChromeDriver: chrome on WINDOWS (74826ed9bb043734d4483116aabd9fe2)] -> xpath: //a[contains(text(),'Tiered Wire Basket')]]
2022-08-15 19:08:303 INFO  TieredWireBasket :28 - Clicking on Add To Chart : [[ChromeDriver: chrome on WINDOWS (74826ed9bb043734d4483116aabd9fe2)] -> xpath: //input[@id='form-action-addToCart']]
2022-08-15 19:08:495 INFO  TieredWireBasket :33 - Clicking on Proceed To Checkout : [[ChromeDriver: chrome on WINDOWS (74826ed9bb043734d4483116aabd9fe2)] -> xpath: //a[contains(text(),'Proceed to checkout')]]
2022-08-15 19:08:166 INFO  Checkout :107 - i verify the price : [[ChromeDriver: chrome on WINDOWS (74826ed9bb043734d4483116aabd9fe2)] -> xpath: //body/div[@id='checkout-app']/div[1]/div[1]/div[1]/aside[1]/article[1]/section[3]/div[1]/div[1]/span[2]/span[1]]
2022-08-15 19:08:185 INFO  Checkout :94 - Clicking yes on Privacy Policy : [[ChromeDriver: chrome on WINDOWS (74826ed9bb043734d4483116aabd9fe2)] -> xpath: //body[1]/div[1]/div[1]/div[1]/div[1]/div[1]/ol[1]/li[1]/div[2]/div[1]/div[1]/form[1]/fieldset[1]/div[1]/div[1]/div[1]/fieldset[1]/div[1]/div[1]/label[1]/span[1]]
2022-08-15 19:08:370 INFO  Checkout :89 - I Enter email : [[ChromeDriver: chrome on WINDOWS (74826ed9bb043734d4483116aabd9fe2)] -> xpath: //input[@id='email']]
2022-08-15 19:08:484 INFO  Checkout :100 - Clicking on Continue as guest : [[ChromeDriver: chrome on WINDOWS (74826ed9bb043734d4483116aabd9fe2)] -> xpath: //button[@id='checkout-customer-continue']]
2022-08-15 19:08:918 INFO  Checkout :112 - I Enter First Name : [[ChromeDriver: chrome on WINDOWS (74826ed9bb043734d4483116aabd9fe2)] -> xpath: //input[@id='firstNameInput']]
2022-08-15 19:08:31 INFO  Checkout :117 - I Enter Last Name : [[ChromeDriver: chrome on WINDOWS (74826ed9bb043734d4483116aabd9fe2)] -> xpath: //input[@id='lastNameInput']]
2022-08-15 19:08:127 INFO  Checkout :122 - I Enter Address Name : [[ChromeDriver: chrome on WINDOWS (74826ed9bb043734d4483116aabd9fe2)] -> id: addressLine1Input]
2022-08-15 19:08:333 INFO  Checkout :127 - I Enter City Name : London
2022-08-15 19:08:450 INFO  Checkout :133 - I Enter Post Code : [[ChromeDriver: chrome on WINDOWS (74826ed9bb043734d4483116aabd9fe2)] -> id: postCodeInput]
2022-08-15 19:08:554 INFO  Checkout :139 - I Enter PhoneNumber : [[ChromeDriver: chrome on WINDOWS (74826ed9bb043734d4483116aabd9fe2)] -> id: phoneInput]
2022-08-15 19:08:726 INFO  Checkout :147 - I click On Continue : [[ChromeDriver: chrome on WINDOWS (74826ed9bb043734d4483116aabd9fe2)] -> xpath: //button[@id='checkout-shipping-continue']]
2022-08-15 19:08:353 INFO  Checkout :153 - I Enter card number : [[ChromeDriver: chrome on WINDOWS (74826ed9bb043734d4483116aabd9fe2)] -> id: ccNumber]
2022-08-15 19:08:478 INFO  Checkout :155 - I Enter card expiry : [[ChromeDriver: chrome on WINDOWS (74826ed9bb043734d4483116aabd9fe2)] -> id: ccExpiry]
2022-08-15 19:08:551 INFO  Checkout :157 - I Enter card name: [[ChromeDriver: chrome on WINDOWS (74826ed9bb043734d4483116aabd9fe2)] -> id: ccName]
2022-08-15 19:08:632 INFO  Checkout :159 - I Enter cvv: [[ChromeDriver: chrome on WINDOWS (74826ed9bb043734d4483116aabd9fe2)] -> id: ccCvv]
2022-08-15 19:08:605 INFO  ManageDriver :32 - Launching Chrome Browser
2022-08-15 19:08:896 INFO  Homepage :35 - Clicking on Accept Cookies : [[ChromeDriver: chrome on WINDOWS (d110155d4062f632aa63b66300fad92b)] -> xpath: //button[contains(text(),'Accept All Cookies')]]
2022-08-15 19:08:948 INFO  Homepage :30 - Clicking on Kitchen : [[ChromeDriver: chrome on WINDOWS (d110155d4062f632aa63b66300fad92b)] -> xpath: //header/div[@id='menu']/nav[1]/ul[1]/li[3]/a[1]]
2022-08-15 19:08:957 INFO  Kitchen :25 - Clicking on Tiered Wire Basket : [[ChromeDriver: chrome on WINDOWS (d110155d4062f632aa63b66300fad92b)] -> xpath: //a[contains(text(),'Tiered Wire Basket')]]
2022-08-15 19:08:984 INFO  TieredWireBasket :28 - Clicking on Add To Chart : [[ChromeDriver: chrome on WINDOWS (d110155d4062f632aa63b66300fad92b)] -> xpath: //input[@id='form-action-addToCart']]
2022-08-15 19:08:179 INFO  TieredWireBasket :33 - Clicking on Proceed To Checkout : [[ChromeDriver: chrome on WINDOWS (d110155d4062f632aa63b66300fad92b)] -> xpath: //a[contains(text(),'Proceed to checkout')]]
2022-08-15 19:08:761 INFO  Checkout :107 - i verify the price : [[ChromeDriver: chrome on WINDOWS (d110155d4062f632aa63b66300fad92b)] -> xpath: //body/div[@id='checkout-app']/div[1]/div[1]/div[1]/aside[1]/article[1]/section[3]/div[1]/div[1]/span[2]/span[1]]
2022-08-15 19:08:779 INFO  Checkout :94 - Clicking yes on Privacy Policy : [[ChromeDriver: chrome on WINDOWS (d110155d4062f632aa63b66300fad92b)] -> xpath: //body[1]/div[1]/div[1]/div[1]/div[1]/div[1]/ol[1]/li[1]/div[2]/div[1]/div[1]/form[1]/fieldset[1]/div[1]/div[1]/div[1]/fieldset[1]/div[1]/div[1]/label[1]/span[1]]
2022-08-15 19:08:23 INFO  Checkout :89 - I Enter email : [[ChromeDriver: chrome on WINDOWS (d110155d4062f632aa63b66300fad92b)] -> xpath: //input[@id='email']]
2022-08-15 19:08:132 INFO  Checkout :100 - Clicking on Continue as guest : [[ChromeDriver: chrome on WINDOWS (d110155d4062f632aa63b66300fad92b)] -> xpath: //button[@id='checkout-customer-continue']]
2022-08-15 19:08:454 INFO  Checkout :112 - I Enter First Name : [[ChromeDriver: chrome on WINDOWS (d110155d4062f632aa63b66300fad92b)] -> xpath: //input[@id='firstNameInput']]
2022-08-15 19:08:578 INFO  Checkout :117 - I Enter Last Name : [[ChromeDriver: chrome on WINDOWS (d110155d4062f632aa63b66300fad92b)] -> xpath: //input[@id='lastNameInput']]
2022-08-15 19:08:675 INFO  Checkout :122 - I Enter Address Name : [[ChromeDriver: chrome on WINDOWS (d110155d4062f632aa63b66300fad92b)] -> id: addressLine1Input]
2022-08-15 19:08:883 INFO  Checkout :127 - I Enter City Name : London
2022-08-15 19:08:998 INFO  Checkout :133 - I Enter Post Code : [[ChromeDriver: chrome on WINDOWS (d110155d4062f632aa63b66300fad92b)] -> id: postCodeInput]
2022-08-15 19:08:115 INFO  Checkout :139 - I Enter PhoneNumber : [[ChromeDriver: chrome on WINDOWS (d110155d4062f632aa63b66300fad92b)] -> id: phoneInput]
2022-08-15 19:08:286 INFO  Checkout :147 - I click On Continue : [[ChromeDriver: chrome on WINDOWS (d110155d4062f632aa63b66300fad92b)] -> xpath: //button[@id='checkout-shipping-continue']]
2022-08-15 19:08:381 INFO  Checkout :153 - I Enter card number : Proxy element for: DefaultElementLocator 'By.id: ccNumber'
2022-08-15 19:08:52 INFO  Checkout :155 - I Enter card expiry : [[ChromeDriver: chrome on WINDOWS (d110155d4062f632aa63b66300fad92b)] -> id: ccExpiry]
2022-08-15 19:08:128 INFO  Checkout :157 - I Enter card name: [[ChromeDriver: chrome on WINDOWS (d110155d4062f632aa63b66300fad92b)] -> id: ccName]
2022-08-15 19:08:207 INFO  Checkout :159 - I Enter cvv: [[ChromeDriver: chrome on WINDOWS (d110155d4062f632aa63b66300fad92b)] -> id: ccCvv]
2022-08-15 19:08:770 INFO  ManageDriver :32 - Launching Chrome Browser
2022-08-15 19:08:34 INFO  Homepage :35 - Clicking on Accept Cookies : [[ChromeDriver: chrome on WINDOWS (00d78c25c23c8870cd2a200ba6eaea2b)] -> xpath: //button[contains(text(),'Accept All Cookies')]]
2022-08-15 19:08:85 INFO  Homepage :30 - Clicking on Kitchen : [[ChromeDriver: chrome on WINDOWS (00d78c25c23c8870cd2a200ba6eaea2b)] -> xpath: //header/div[@id='menu']/nav[1]/ul[1]/li[3]/a[1]]
2022-08-15 19:08:79 INFO  Kitchen :25 - Clicking on Tiered Wire Basket : [[ChromeDriver: chrome on WINDOWS (00d78c25c23c8870cd2a200ba6eaea2b)] -> xpath: //a[contains(text(),'Tiered Wire Basket')]]
2022-08-15 19:08:183 INFO  TieredWireBasket :28 - Clicking on Add To Chart : [[ChromeDriver: chrome on WINDOWS (00d78c25c23c8870cd2a200ba6eaea2b)] -> xpath: //input[@id='form-action-addToCart']]
2022-08-15 19:08:262 INFO  TieredWireBasket :33 - Clicking on Proceed To Checkout : [[ChromeDriver: chrome on WINDOWS (00d78c25c23c8870cd2a200ba6eaea2b)] -> xpath: //a[contains(text(),'Proceed to checkout')]]
2022-08-15 19:08:652 INFO  Checkout :107 - i verify the price : [[ChromeDriver: chrome on WINDOWS (00d78c25c23c8870cd2a200ba6eaea2b)] -> xpath: //body/div[@id='checkout-app']/div[1]/div[1]/div[1]/aside[1]/article[1]/section[3]/div[1]/div[1]/span[2]/span[1]]
2022-08-15 19:08:670 INFO  Checkout :94 - Clicking yes on Privacy Policy : [[ChromeDriver: chrome on WINDOWS (00d78c25c23c8870cd2a200ba6eaea2b)] -> xpath: //body[1]/div[1]/div[1]/div[1]/div[1]/div[1]/ol[1]/li[1]/div[2]/div[1]/div[1]/form[1]/fieldset[1]/div[1]/div[1]/div[1]/fieldset[1]/div[1]/div[1]/label[1]/span[1]]
2022-08-15 19:08:860 INFO  Checkout :89 - I Enter email : [[ChromeDriver: chrome on WINDOWS (00d78c25c23c8870cd2a200ba6eaea2b)] -> xpath: //input[@id='email']]
2022-08-15 19:08:972 INFO  Checkout :100 - Clicking on Continue as guest : [[ChromeDriver: chrome on WINDOWS (00d78c25c23c8870cd2a200ba6eaea2b)] -> xpath: //button[@id='checkout-customer-continue']]
2022-08-15 19:08:176 INFO  Checkout :112 - I Enter First Name : [[ChromeDriver: chrome on WINDOWS (00d78c25c23c8870cd2a200ba6eaea2b)] -> xpath: //input[@id='firstNameInput']]
2022-08-15 19:08:294 INFO  Checkout :117 - I Enter Last Name : [[ChromeDriver: chrome on WINDOWS (00d78c25c23c8870cd2a200ba6eaea2b)] -> xpath: //input[@id='lastNameInput']]
2022-08-15 19:08:392 INFO  Checkout :122 - I Enter Address Name : [[ChromeDriver: chrome on WINDOWS (00d78c25c23c8870cd2a200ba6eaea2b)] -> id: addressLine1Input]
2022-08-15 19:08:602 INFO  Checkout :127 - I Enter City Name : London
2022-08-15 19:08:716 INFO  Checkout :133 - I Enter Post Code : [[ChromeDriver: chrome on WINDOWS (00d78c25c23c8870cd2a200ba6eaea2b)] -> id: postCodeInput]
2022-08-15 19:08:833 INFO  Checkout :139 - I Enter PhoneNumber : [[ChromeDriver: chrome on WINDOWS (00d78c25c23c8870cd2a200ba6eaea2b)] -> id: phoneInput]
2022-08-15 19:08:992 INFO  Checkout :147 - I click On Continue : [[ChromeDriver: chrome on WINDOWS (00d78c25c23c8870cd2a200ba6eaea2b)] -> xpath: //button[@id='checkout-shipping-continue']]
2022-08-15 19:08:128 INFO  Checkout :154 - I Enter card number : [[ChromeDriver: chrome on WINDOWS (00d78c25c23c8870cd2a200ba6eaea2b)] -> id: ccNumber]
2022-08-15 19:08:199 INFO  Checkout :156 - I Enter card expiry : [[ChromeDriver: chrome on WINDOWS (00d78c25c23c8870cd2a200ba6eaea2b)] -> id: ccExpiry]
2022-08-15 19:08:277 INFO  Checkout :158 - I Enter card name: [[ChromeDriver: chrome on WINDOWS (00d78c25c23c8870cd2a200ba6eaea2b)] -> id: ccName]
2022-08-15 19:08:358 INFO  Checkout :160 - I Enter cvv: [[ChromeDriver: chrome on WINDOWS (00d78c25c23c8870cd2a200ba6eaea2b)] -> id: ccCvv]
2022-08-15 19:08:434 INFO  ManageDriver :32 - Launching Chrome Browser
2022-08-15 19:08:658 INFO  Homepage :35 - Clicking on Accept Cookies : [[ChromeDriver: chrome on WINDOWS (559a2dcc217552bd7a12468b1004cfcd)] -> xpath: //button[contains(text(),'Accept All Cookies')]]
2022-08-15 19:08:709 INFO  Homepage :30 - Clicking on Kitchen : [[ChromeDriver: chrome on WINDOWS (559a2dcc217552bd7a12468b1004cfcd)] -> xpath: //header/div[@id='menu']/nav[1]/ul[1]/li[3]/a[1]]
2022-08-15 19:08:623 INFO  Kitchen :25 - Clicking on Tiered Wire Basket : [[ChromeDriver: chrome on WINDOWS (559a2dcc217552bd7a12468b1004cfcd)] -> xpath: //a[contains(text(),'Tiered Wire Basket')]]
2022-08-15 19:08:812 INFO  TieredWireBasket :28 - Clicking on Add To Chart : [[ChromeDriver: chrome on WINDOWS (559a2dcc217552bd7a12468b1004cfcd)] -> xpath: //input[@id='form-action-addToCart']]
2022-08-15 19:08:188 INFO  TieredWireBasket :33 - Clicking on Proceed To Checkout : [[ChromeDriver: chrome on WINDOWS (559a2dcc217552bd7a12468b1004cfcd)] -> xpath: //a[contains(text(),'Proceed to checkout')]]
2022-08-15 19:08:951 INFO  Checkout :107 - i verify the price : [[ChromeDriver: chrome on WINDOWS (559a2dcc217552bd7a12468b1004cfcd)] -> xpath: //body/div[@id='checkout-app']/div[1]/div[1]/div[1]/aside[1]/article[1]/section[3]/div[1]/div[1]/span[2]/span[1]]
2022-08-15 19:08:970 INFO  Checkout :94 - Clicking yes on Privacy Policy : [[ChromeDriver: chrome on WINDOWS (559a2dcc217552bd7a12468b1004cfcd)] -> xpath: //body[1]/div[1]/div[1]/div[1]/div[1]/div[1]/ol[1]/li[1]/div[2]/div[1]/div[1]/form[1]/fieldset[1]/div[1]/div[1]/div[1]/fieldset[1]/div[1]/div[1]/label[1]/span[1]]
2022-08-15 19:08:215 INFO  Checkout :89 - I Enter email : [[ChromeDriver: chrome on WINDOWS (559a2dcc217552bd7a12468b1004cfcd)] -> xpath: //input[@id='email']]
2022-08-15 19:08:329 INFO  Checkout :100 - Clicking on Continue as guest : [[ChromeDriver: chrome on WINDOWS (559a2dcc217552bd7a12468b1004cfcd)] -> xpath: //button[@id='checkout-customer-continue']]
2022-08-15 19:08:667 INFO  Checkout :112 - I Enter First Name : [[ChromeDriver: chrome on WINDOWS (559a2dcc217552bd7a12468b1004cfcd)] -> xpath: //input[@id='firstNameInput']]
2022-08-15 19:08:793 INFO  Checkout :117 - I Enter Last Name : [[ChromeDriver: chrome on WINDOWS (559a2dcc217552bd7a12468b1004cfcd)] -> xpath: //input[@id='lastNameInput']]
2022-08-15 19:08:894 INFO  Checkout :122 - I Enter Address Name : [[ChromeDriver: chrome on WINDOWS (559a2dcc217552bd7a12468b1004cfcd)] -> id: addressLine1Input]
2022-08-15 19:08:111 INFO  Checkout :127 - I Enter City Name : London
2022-08-15 19:08:233 INFO  Checkout :133 - I Enter Post Code : [[ChromeDriver: chrome on WINDOWS (559a2dcc217552bd7a12468b1004cfcd)] -> id: postCodeInput]
2022-08-15 19:08:339 INFO  Checkout :138 - I Enter PhoneNumber : [[ChromeDriver: chrome on WINDOWS (559a2dcc217552bd7a12468b1004cfcd)] -> id: phoneInput]
2022-08-15 19:08:502 INFO  Checkout :147 - I click On Continue : [[ChromeDriver: chrome on WINDOWS (559a2dcc217552bd7a12468b1004cfcd)] -> xpath: //button[@id='checkout-shipping-continue']]
2022-08-15 19:08:740 INFO  Checkout :154 - I Enter card number : Proxy element for: DefaultElementLocator 'By.id: ccNumber'
2022-08-15 19:08:908 INFO  Checkout :156 - I Enter card expiry : [[ChromeDriver: chrome on WINDOWS (559a2dcc217552bd7a12468b1004cfcd)] -> id: ccExpiry]
2022-08-15 19:08:983 INFO  Checkout :158 - I Enter card name: [[ChromeDriver: chrome on WINDOWS (559a2dcc217552bd7a12468b1004cfcd)] -> id: ccName]
2022-08-15 19:08:62 INFO  Checkout :160 - I Enter cvv: [[ChromeDriver: chrome on WINDOWS (559a2dcc217552bd7a12468b1004cfcd)] -> id: ccCvv]
2022-08-15 19:08:127 INFO  Checkout :167 - click on PlaceOrder : [[ChromeDriver: chrome on WINDOWS (559a2dcc217552bd7a12468b1004cfcd)] -> id: checkout-payment-continue]
2022-08-15 19:08:184 INFO  ManageDriver :32 - Launching Chrome Browser
2022-08-15 19:08:601 INFO  Homepage :35 - Clicking on Accept Cookies : [[ChromeDriver: chrome on WINDOWS (94e296749562b839741b95073892aac1)] -> xpath: //button[contains(text(),'Accept All Cookies')]]
2022-08-15 19:08:652 INFO  Homepage :30 - Clicking on Kitchen : [[ChromeDriver: chrome on WINDOWS (94e296749562b839741b95073892aac1)] -> xpath: //header/div[@id='menu']/nav[1]/ul[1]/li[3]/a[1]]
2022-08-15 19:08:563 INFO  Kitchen :25 - Clicking on Tiered Wire Basket : [[ChromeDriver: chrome on WINDOWS (94e296749562b839741b95073892aac1)] -> xpath: //a[contains(text(),'Tiered Wire Basket')]]
2022-08-15 19:08:476 INFO  TieredWireBasket :28 - Clicking on Add To Chart : [[ChromeDriver: chrome on WINDOWS (94e296749562b839741b95073892aac1)] -> xpath: //input[@id='form-action-addToCart']]
2022-08-15 19:08:672 INFO  TieredWireBasket :33 - Clicking on Proceed To Checkout : [[ChromeDriver: chrome on WINDOWS (94e296749562b839741b95073892aac1)] -> xpath: //a[contains(text(),'Proceed to checkout')]]
2022-08-15 19:08:148 INFO  Checkout :107 - i verify the price : [[ChromeDriver: chrome on WINDOWS (94e296749562b839741b95073892aac1)] -> xpath: //body/div[@id='checkout-app']/div[1]/div[1]/div[1]/aside[1]/article[1]/section[3]/div[1]/div[1]/span[2]/span[1]]
2022-08-15 19:08:166 INFO  Checkout :94 - Clicking yes on Privacy Policy : [[ChromeDriver: chrome on WINDOWS (94e296749562b839741b95073892aac1)] -> xpath: //body[1]/div[1]/div[1]/div[1]/div[1]/div[1]/ol[1]/li[1]/div[2]/div[1]/div[1]/form[1]/fieldset[1]/div[1]/div[1]/div[1]/fieldset[1]/div[1]/div[1]/label[1]/span[1]]
2022-08-15 19:08:409 INFO  Checkout :89 - I Enter email : [[ChromeDriver: chrome on WINDOWS (94e296749562b839741b95073892aac1)] -> xpath: //input[@id='email']]
2022-08-15 19:08:521 INFO  Checkout :100 - Clicking on Continue as guest : [[ChromeDriver: chrome on WINDOWS (94e296749562b839741b95073892aac1)] -> xpath: //button[@id='checkout-customer-continue']]
2022-08-15 19:08:521 INFO  Checkout :112 - I Enter First Name : Proxy element for: DefaultElementLocator 'By.xpath: //input[@id='firstNameInput']'
2022-08-15 19:08:421 INFO  ManageDriver :32 - Launching Chrome Browser
2022-08-15 19:08:671 INFO  Homepage :35 - Clicking on Accept Cookies : [[ChromeDriver: chrome on WINDOWS (c9df5d36fb399f1534ebe8eac271e364)] -> xpath: //button[contains(text(),'Accept All Cookies')]]
2022-08-15 19:08:724 INFO  Homepage :30 - Clicking on Kitchen : [[ChromeDriver: chrome on WINDOWS (c9df5d36fb399f1534ebe8eac271e364)] -> xpath: //header/div[@id='menu']/nav[1]/ul[1]/li[3]/a[1]]
2022-08-15 19:08:627 INFO  Kitchen :25 - Clicking on Tiered Wire Basket : [[ChromeDriver: chrome on WINDOWS (c9df5d36fb399f1534ebe8eac271e364)] -> xpath: //a[contains(text(),'Tiered Wire Basket')]]
2022-08-15 19:08:532 INFO  TieredWireBasket :28 - Clicking on Add To Chart : [[ChromeDriver: chrome on WINDOWS (c9df5d36fb399f1534ebe8eac271e364)] -> xpath: //input[@id='form-action-addToCart']]
2022-08-15 19:08:729 INFO  TieredWireBasket :33 - Clicking on Proceed To Checkout : [[ChromeDriver: chrome on WINDOWS (c9df5d36fb399f1534ebe8eac271e364)] -> xpath: //a[contains(text(),'Proceed to checkout')]]
2022-08-15 19:08:211 INFO  Checkout :107 - i verify the price : [[ChromeDriver: chrome on WINDOWS (c9df5d36fb399f1534ebe8eac271e364)] -> xpath: //body/div[@id='checkout-app']/div[1]/div[1]/div[1]/aside[1]/article[1]/section[3]/div[1]/div[1]/span[2]/span[1]]
2022-08-15 19:08:233 INFO  Checkout :94 - Clicking yes on Privacy Policy : [[ChromeDriver: chrome on WINDOWS (c9df5d36fb399f1534ebe8eac271e364)] -> xpath: //body[1]/div[1]/div[1]/div[1]/div[1]/div[1]/ol[1]/li[1]/div[2]/div[1]/div[1]/form[1]/fieldset[1]/div[1]/div[1]/div[1]/fieldset[1]/div[1]/div[1]/label[1]/span[1]]
2022-08-15 19:08:547 INFO  Checkout :89 - I Enter email : [[ChromeDriver: chrome on WINDOWS (c9df5d36fb399f1534ebe8eac271e364)] -> xpath: //input[@id='email']]
2022-08-15 19:08:660 INFO  Checkout :100 - Clicking on Continue as guest : [[ChromeDriver: chrome on WINDOWS (c9df5d36fb399f1534ebe8eac271e364)] -> xpath: //button[@id='checkout-customer-continue']]
2022-08-15 19:08:721 INFO  Checkout :112 - I Enter First Name : Proxy element for: DefaultElementLocator 'By.xpath: //input[@id='firstNameInput']'
2022-08-15 19:08:752 INFO  ManageDriver :32 - Launching Chrome Browser
2022-08-15 19:08:990 INFO  Homepage :35 - Clicking on Accept Cookies : [[ChromeDriver: chrome on WINDOWS (31fa686f3e59984b540ab541d5dfb04c)] -> xpath: //button[contains(text(),'Accept All Cookies')]]
2022-08-15 19:08:43 INFO  Homepage :30 - Clicking on Kitchen : [[ChromeDriver: chrome on WINDOWS (31fa686f3e59984b540ab541d5dfb04c)] -> xpath: //header/div[@id='menu']/nav[1]/ul[1]/li[3]/a[1]]
2022-08-15 19:08:953 INFO  Kitchen :25 - Clicking on Tiered Wire Basket : [[ChromeDriver: chrome on WINDOWS (31fa686f3e59984b540ab541d5dfb04c)] -> xpath: //a[contains(text(),'Tiered Wire Basket')]]
2022-08-15 19:08:03 INFO  TieredWireBasket :28 - Clicking on Add To Chart : [[ChromeDriver: chrome on WINDOWS (31fa686f3e59984b540ab541d5dfb04c)] -> xpath: //input[@id='form-action-addToCart']]
2022-08-15 19:08:375 INFO  TieredWireBasket :33 - Clicking on Proceed To Checkout : [[ChromeDriver: chrome on WINDOWS (31fa686f3e59984b540ab541d5dfb04c)] -> xpath: //a[contains(text(),'Proceed to checkout')]]
2022-08-15 19:08:864 INFO  Checkout :107 - i verify the price : [[ChromeDriver: chrome on WINDOWS (31fa686f3e59984b540ab541d5dfb04c)] -> xpath: //body/div[@id='checkout-app']/div[1]/div[1]/div[1]/aside[1]/article[1]/section[3]/div[1]/div[1]/span[2]/span[1]]
2022-08-15 19:08:882 INFO  Checkout :94 - Clicking yes on Privacy Policy : [[ChromeDriver: chrome on WINDOWS (31fa686f3e59984b540ab541d5dfb04c)] -> xpath: //body[1]/div[1]/div[1]/div[1]/div[1]/div[1]/ol[1]/li[1]/div[2]/div[1]/div[1]/form[1]/fieldset[1]/div[1]/div[1]/div[1]/fieldset[1]/div[1]/div[1]/label[1]/span[1]]
2022-08-15 19:08:195 INFO  Checkout :89 - I Enter email : [[ChromeDriver: chrome on WINDOWS (31fa686f3e59984b540ab541d5dfb04c)] -> xpath: //input[@id='email']]
2022-08-15 19:08:310 INFO  Checkout :100 - Clicking on Continue as guest : [[ChromeDriver: chrome on WINDOWS (31fa686f3e59984b540ab541d5dfb04c)] -> xpath: //button[@id='checkout-customer-continue']]
2022-08-15 19:08:578 INFO  Checkout :112 - I Enter First Name : [[ChromeDriver: chrome on WINDOWS (31fa686f3e59984b540ab541d5dfb04c)] -> xpath: //input[@id='firstNameInput']]
2022-08-15 19:08:718 INFO  Checkout :117 - I Enter Last Name : [[ChromeDriver: chrome on WINDOWS (31fa686f3e59984b540ab541d5dfb04c)] -> xpath: //input[@id='lastNameInput']]
2022-08-15 19:08:815 INFO  Checkout :122 - I Enter Address Name : [[ChromeDriver: chrome on WINDOWS (31fa686f3e59984b540ab541d5dfb04c)] -> id: addressLine1Input]
2022-08-15 19:08:20 INFO  Checkout :127 - I Enter City Name : London
2022-08-15 19:08:146 INFO  Checkout :133 - I Enter Post Code : [[ChromeDriver: chrome on WINDOWS (31fa686f3e59984b540ab541d5dfb04c)] -> id: postCodeInput]
2022-08-15 19:08:251 INFO  Checkout :138 - I Enter PhoneNumber : [[ChromeDriver: chrome on WINDOWS (31fa686f3e59984b540ab541d5dfb04c)] -> id: phoneInput]
2022-08-15 19:08:420 INFO  Checkout :148 - I click On Continue : [[ChromeDriver: chrome on WINDOWS (31fa686f3e59984b540ab541d5dfb04c)] -> xpath: //button[@id='checkout-shipping-continue']]
2022-08-15 19:08:774 INFO  Checkout :155 - I Enter card number : [[ChromeDriver: chrome on WINDOWS (31fa686f3e59984b540ab541d5dfb04c)] -> id: ccNumber]
2022-08-15 19:08:903 INFO  Checkout :157 - I Enter card expiry : [[ChromeDriver: chrome on WINDOWS (31fa686f3e59984b540ab541d5dfb04c)] -> id: ccExpiry]
2022-08-15 19:08:975 INFO  Checkout :159 - I Enter card name: [[ChromeDriver: chrome on WINDOWS (31fa686f3e59984b540ab541d5dfb04c)] -> id: ccName]
2022-08-15 19:08:52 INFO  Checkout :161 - I Enter cvv: [[ChromeDriver: chrome on WINDOWS (31fa686f3e59984b540ab541d5dfb04c)] -> id: ccCvv]
2022-08-15 19:08:119 INFO  Checkout :168 - click on PlaceOrder : [[ChromeDriver: chrome on WINDOWS (31fa686f3e59984b540ab541d5dfb04c)] -> id: checkout-payment-continue]
2022-08-15 20:08:408 INFO  ManageDriver :32 - Launching Chrome Browser
2022-08-15 20:08:899 INFO  Homepage :35 - Clicking on Accept Cookies : [[ChromeDriver: chrome on WINDOWS (eb6f8c070176fed6ea5cd0f07c02ddb9)] -> xpath: //button[contains(text(),'Accept All Cookies')]]
2022-08-15 20:08:952 INFO  Homepage :30 - Clicking on Kitchen : [[ChromeDriver: chrome on WINDOWS (eb6f8c070176fed6ea5cd0f07c02ddb9)] -> xpath: //header/div[@id='menu']/nav[1]/ul[1]/li[3]/a[1]]
2022-08-15 20:08:75 INFO  Kitchen :25 - Clicking on Tiered Wire Basket : [[ChromeDriver: chrome on WINDOWS (eb6f8c070176fed6ea5cd0f07c02ddb9)] -> xpath: //a[contains(text(),'Tiered Wire Basket')]]
2022-08-15 20:08:136 INFO  TieredWireBasket :28 - Clicking on Add To Chart : [[ChromeDriver: chrome on WINDOWS (eb6f8c070176fed6ea5cd0f07c02ddb9)] -> xpath: //input[@id='form-action-addToCart']]
2022-08-15 20:08:584 INFO  TieredWireBasket :33 - Clicking on Proceed To Checkout : [[ChromeDriver: chrome on WINDOWS (eb6f8c070176fed6ea5cd0f07c02ddb9)] -> xpath: //a[contains(text(),'Proceed to checkout')]]
2022-08-15 20:08:96 INFO  Checkout :107 - i verify the price : [[ChromeDriver: chrome on WINDOWS (eb6f8c070176fed6ea5cd0f07c02ddb9)] -> xpath: //body/div[@id='checkout-app']/div[1]/div[1]/div[1]/aside[1]/article[1]/section[3]/div[1]/div[1]/span[2]/span[1]]
2022-08-15 20:08:118 INFO  Checkout :94 - Clicking yes on Privacy Policy : [[ChromeDriver: chrome on WINDOWS (eb6f8c070176fed6ea5cd0f07c02ddb9)] -> xpath: //body[1]/div[1]/div[1]/div[1]/div[1]/div[1]/ol[1]/li[1]/div[2]/div[1]/div[1]/form[1]/fieldset[1]/div[1]/div[1]/div[1]/fieldset[1]/div[1]/div[1]/label[1]/span[1]]
2022-08-15 20:08:368 INFO  Checkout :89 - I Enter email : [[ChromeDriver: chrome on WINDOWS (eb6f8c070176fed6ea5cd0f07c02ddb9)] -> xpath: //input[@id='email']]
2022-08-15 20:08:477 INFO  Checkout :100 - Clicking on Continue as guest : [[ChromeDriver: chrome on WINDOWS (eb6f8c070176fed6ea5cd0f07c02ddb9)] -> xpath: //button[@id='checkout-customer-continue']]
2022-08-15 20:08:632 INFO  Checkout :112 - I Enter First Name : [[ChromeDriver: chrome on WINDOWS (eb6f8c070176fed6ea5cd0f07c02ddb9)] -> xpath: //input[@id='firstNameInput']]
2022-08-15 20:08:769 INFO  Checkout :117 - I Enter Last Name : [[ChromeDriver: chrome on WINDOWS (eb6f8c070176fed6ea5cd0f07c02ddb9)] -> xpath: //input[@id='lastNameInput']]
2022-08-15 20:08:866 INFO  Checkout :122 - I Enter Address Name : [[ChromeDriver: chrome on WINDOWS (eb6f8c070176fed6ea5cd0f07c02ddb9)] -> id: addressLine1Input]
2022-08-15 20:08:77 INFO  Checkout :127 - I Enter City Name : London
2022-08-15 20:08:196 INFO  Checkout :133 - I Enter Post Code : [[ChromeDriver: chrome on WINDOWS (eb6f8c070176fed6ea5cd0f07c02ddb9)] -> id: postCodeInput]
2022-08-15 20:08:301 INFO  Checkout :138 - I Enter PhoneNumber : [[ChromeDriver: chrome on WINDOWS (eb6f8c070176fed6ea5cd0f07c02ddb9)] -> id: phoneInput]
2022-08-15 20:08:486 INFO  Checkout :148 - I click On Continue : [[ChromeDriver: chrome on WINDOWS (eb6f8c070176fed6ea5cd0f07c02ddb9)] -> xpath: //button[@id='checkout-shipping-continue']]
2022-08-15 20:08:144 INFO  Checkout :155 - I Enter card number : [[ChromeDriver: chrome on WINDOWS (eb6f8c070176fed6ea5cd0f07c02ddb9)] -> id: ccNumber]
2022-08-15 20:08:264 INFO  Checkout :157 - I Enter card expiry : [[ChromeDriver: chrome on WINDOWS (eb6f8c070176fed6ea5cd0f07c02ddb9)] -> id: ccExpiry]
2022-08-15 20:08:337 INFO  Checkout :159 - I Enter card name: [[ChromeDriver: chrome on WINDOWS (eb6f8c070176fed6ea5cd0f07c02ddb9)] -> id: ccName]
2022-08-15 20:08:421 INFO  Checkout :161 - I Enter cvv: [[ChromeDriver: chrome on WINDOWS (eb6f8c070176fed6ea5cd0f07c02ddb9)] -> id: ccCvv]
2022-08-15 20:08:488 INFO  Checkout :168 - click on PlaceOrder : [[ChromeDriver: chrome on WINDOWS (eb6f8c070176fed6ea5cd0f07c02ddb9)] -> id: checkout-payment-continue]
2022-08-15 20:08:267 INFO  ManageDriver :32 - Launching Chrome Browser
2022-08-15 20:08:632 INFO  Homepage :35 - Clicking on Accept Cookies : [[ChromeDriver: chrome on WINDOWS (6f2d0cb0c38484e816a7bf95f4c8897a)] -> xpath: //button[contains(text(),'Accept All Cookies')]]
2022-08-15 20:08:685 INFO  Homepage :30 - Clicking on Kitchen : [[ChromeDriver: chrome on WINDOWS (6f2d0cb0c38484e816a7bf95f4c8897a)] -> xpath: //header/div[@id='menu']/nav[1]/ul[1]/li[3]/a[1]]
2022-08-15 20:08:504 INFO  Kitchen :25 - Clicking on Tiered Wire Basket : [[ChromeDriver: chrome on WINDOWS (6f2d0cb0c38484e816a7bf95f4c8897a)] -> xpath: //a[contains(text(),'Tiered Wire Basket')]]
2022-08-15 20:08:443 INFO  TieredWireBasket :28 - Clicking on Add To Chart : [[ChromeDriver: chrome on WINDOWS (6f2d0cb0c38484e816a7bf95f4c8897a)] -> xpath: //input[@id='form-action-addToCart']]
2022-08-15 20:08:573 INFO  TieredWireBasket :33 - Clicking on Proceed To Checkout : [[ChromeDriver: chrome on WINDOWS (6f2d0cb0c38484e816a7bf95f4c8897a)] -> xpath: //a[contains(text(),'Proceed to checkout')]]
2022-08-15 20:08:135 INFO  Checkout :107 - i verify the price : [[ChromeDriver: chrome on WINDOWS (6f2d0cb0c38484e816a7bf95f4c8897a)] -> xpath: //body/div[@id='checkout-app']/div[1]/div[1]/div[1]/aside[1]/article[1]/section[3]/div[1]/div[1]/span[2]/span[1]]
2022-08-15 20:08:153 INFO  Checkout :94 - Clicking yes on Privacy Policy : [[ChromeDriver: chrome on WINDOWS (6f2d0cb0c38484e816a7bf95f4c8897a)] -> xpath: //body[1]/div[1]/div[1]/div[1]/div[1]/div[1]/ol[1]/li[1]/div[2]/div[1]/div[1]/form[1]/fieldset[1]/div[1]/div[1]/div[1]/fieldset[1]/div[1]/div[1]/label[1]/span[1]]
2022-08-15 20:08:400 INFO  Checkout :89 - I Enter email : [[ChromeDriver: chrome on WINDOWS (6f2d0cb0c38484e816a7bf95f4c8897a)] -> xpath: //input[@id='email']]
2022-08-15 20:08:513 INFO  Checkout :100 - Clicking on Continue as guest : [[ChromeDriver: chrome on WINDOWS (6f2d0cb0c38484e816a7bf95f4c8897a)] -> xpath: //button[@id='checkout-customer-continue']]
2022-08-15 20:08:932 INFO  Checkout :112 - I Enter First Name : [[ChromeDriver: chrome on WINDOWS (6f2d0cb0c38484e816a7bf95f4c8897a)] -> xpath: //input[@id='firstNameInput']]
2022-08-15 20:08:42 INFO  Checkout :117 - I Enter Last Name : [[ChromeDriver: chrome on WINDOWS (6f2d0cb0c38484e816a7bf95f4c8897a)] -> xpath: //input[@id='lastNameInput']]
2022-08-15 20:08:143 INFO  Checkout :122 - I Enter Address Name : [[ChromeDriver: chrome on WINDOWS (6f2d0cb0c38484e816a7bf95f4c8897a)] -> id: addressLine1Input]
2022-08-15 20:08:348 INFO  Checkout :127 - I Enter City Name : London
2022-08-15 20:08:465 INFO  Checkout :133 - I Enter Post Code : [[ChromeDriver: chrome on WINDOWS (6f2d0cb0c38484e816a7bf95f4c8897a)] -> id: postCodeInput]
2022-08-15 20:08:571 INFO  Checkout :138 - I Enter PhoneNumber : [[ChromeDriver: chrome on WINDOWS (6f2d0cb0c38484e816a7bf95f4c8897a)] -> id: phoneInput]
2022-08-15 20:08:730 INFO  Checkout :148 - I click On Continue : [[ChromeDriver: chrome on WINDOWS (6f2d0cb0c38484e816a7bf95f4c8897a)] -> xpath: //button[@id='checkout-shipping-continue']]
2022-08-15 20:08:05 INFO  Checkout :155 - I Enter card number : [[ChromeDriver: chrome on WINDOWS (6f2d0cb0c38484e816a7bf95f4c8897a)] -> id: ccNumber]
2022-08-15 20:08:134 INFO  Checkout :157 - I Enter card expiry : [[ChromeDriver: chrome on WINDOWS (6f2d0cb0c38484e816a7bf95f4c8897a)] -> id: ccExpiry]
2022-08-15 20:08:207 INFO  Checkout :159 - I Enter card name: [[ChromeDriver: chrome on WINDOWS (6f2d0cb0c38484e816a7bf95f4c8897a)] -> id: ccName]
2022-08-15 20:08:297 INFO  Checkout :161 - I Enter cvv: [[ChromeDriver: chrome on WINDOWS (6f2d0cb0c38484e816a7bf95f4c8897a)] -> id: ccCvv]
2022-08-15 20:08:362 INFO  Checkout :168 - click on PlaceOrder : [[ChromeDriver: chrome on WINDOWS (6f2d0cb0c38484e816a7bf95f4c8897a)] -> id: checkout-payment-continue]
2022-08-16 20:08:204 INFO  ManageDriver :32 - Launching Chrome Browser
2022-08-16 20:08:751 INFO  Homepage :35 - Clicking on Accept Cookies : [[ChromeDriver: chrome on WINDOWS (6b7e3b313400eab6f56dd21ec74601a8)] -> xpath: //button[contains(text(),'Accept All Cookies')]]
2022-08-16 20:08:807 INFO  Homepage :30 - Clicking on Kitchen : [[ChromeDriver: chrome on WINDOWS (6b7e3b313400eab6f56dd21ec74601a8)] -> xpath: //header/div[@id='menu']/nav[1]/ul[1]/li[3]/a[1]]
2022-08-16 20:08:337 INFO  Kitchen :25 - Clicking on Tiered Wire Basket : [[ChromeDriver: chrome on WINDOWS (6b7e3b313400eab6f56dd21ec74601a8)] -> xpath: //a[contains(text(),'Tiered Wire Basket')]]
2022-08-16 20:08:322 INFO  TieredWireBasket :28 - Clicking on Add To Chart : [[ChromeDriver: chrome on WINDOWS (6b7e3b313400eab6f56dd21ec74601a8)] -> xpath: //input[@id='form-action-addToCart']]
2022-08-16 20:08:834 INFO  TieredWireBasket :33 - Clicking on Proceed To Checkout : [[ChromeDriver: chrome on WINDOWS (6b7e3b313400eab6f56dd21ec74601a8)] -> xpath: //a[contains(text(),'Proceed to checkout')]]
2022-08-16 20:08:821 INFO  Checkout :107 - i verify the price : [[ChromeDriver: chrome on WINDOWS (6b7e3b313400eab6f56dd21ec74601a8)] -> xpath: //body/div[@id='checkout-app']/div[1]/div[1]/div[1]/aside[1]/article[1]/section[3]/div[1]/div[1]/span[2]/span[1]]
2022-08-16 20:08:897 INFO  ManageDriver :32 - Launching Chrome Browser
2022-08-16 20:08:443 INFO  Homepage :35 - Clicking on Accept Cookies : [[ChromeDriver: chrome on WINDOWS (e44c3636dbd916775305cd785c005c8b)] -> xpath: //button[contains(text(),'Accept All Cookies')]]
2022-08-16 20:08:495 INFO  Homepage :30 - Clicking on Kitchen : [[ChromeDriver: chrome on WINDOWS (e44c3636dbd916775305cd785c005c8b)] -> xpath: //header/div[@id='menu']/nav[1]/ul[1]/li[3]/a[1]]
2022-08-16 20:08:283 INFO  Kitchen :25 - Clicking on Tiered Wire Basket : [[ChromeDriver: chrome on WINDOWS (e44c3636dbd916775305cd785c005c8b)] -> xpath: //a[contains(text(),'Tiered Wire Basket')]]
2022-08-16 20:08:850 INFO  TieredWireBasket :28 - Clicking on Add To Chart : [[ChromeDriver: chrome on WINDOWS (e44c3636dbd916775305cd785c005c8b)] -> xpath: //input[@id='form-action-addToCart']]
2022-08-16 20:08:296 INFO  TieredWireBasket :33 - Clicking on Proceed To Checkout : [[ChromeDriver: chrome on WINDOWS (e44c3636dbd916775305cd785c005c8b)] -> xpath: //a[contains(text(),'Proceed to checkout')]]
2022-08-16 20:08:242 INFO  Checkout :107 - i verify the price : [[ChromeDriver: chrome on WINDOWS (e44c3636dbd916775305cd785c005c8b)] -> xpath: //body/div[@id='checkout-app']/div[1]/div[1]/div[1]/aside[1]/article[1]/section[3]/div[1]/div[1]/span[2]/span[1]]
2022-08-16 20:08:260 INFO  Checkout :94 - Clicking yes on Privacy Policy : [[ChromeDriver: chrome on WINDOWS (e44c3636dbd916775305cd785c005c8b)] -> xpath: //body[1]/div[1]/div[1]/div[1]/div[1]/div[1]/ol[1]/li[1]/div[2]/div[1]/div[1]/form[1]/fieldset[1]/div[1]/div[1]/div[1]/fieldset[1]/div[1]/div[1]/label[1]/span[1]]
2022-08-16 20:08:512 INFO  Checkout :89 - I Enter email : [[ChromeDriver: chrome on WINDOWS (e44c3636dbd916775305cd785c005c8b)] -> xpath: //input[@id='email']]
2022-08-16 20:08:624 INFO  Checkout :100 - Clicking on Continue as guest : [[ChromeDriver: chrome on WINDOWS (e44c3636dbd916775305cd785c005c8b)] -> xpath: //button[@id='checkout-customer-continue']]
2022-08-16 20:08:980 INFO  Checkout :112 - I Enter First Name : [[ChromeDriver: chrome on WINDOWS (e44c3636dbd916775305cd785c005c8b)] -> xpath: //input[@id='firstNameInput']]
2022-08-16 20:08:119 INFO  Checkout :117 - I Enter Last Name : [[ChromeDriver: chrome on WINDOWS (e44c3636dbd916775305cd785c005c8b)] -> xpath: //input[@id='lastNameInput']]
2022-08-16 20:08:217 INFO  Checkout :122 - I Enter Address Name : [[ChromeDriver: chrome on WINDOWS (e44c3636dbd916775305cd785c005c8b)] -> id: addressLine1Input]
2022-08-16 20:08:416 INFO  Checkout :127 - I Enter City Name : London
2022-08-16 20:08:531 INFO  Checkout :133 - I Enter Post Code : [[ChromeDriver: chrome on WINDOWS (e44c3636dbd916775305cd785c005c8b)] -> id: postCodeInput]
2022-08-16 20:08:637 INFO  Checkout :138 - I Enter PhoneNumber : [[ChromeDriver: chrome on WINDOWS (e44c3636dbd916775305cd785c005c8b)] -> id: phoneInput]
2022-08-16 20:08:829 INFO  Checkout :148 - I click On Continue : [[ChromeDriver: chrome on WINDOWS (e44c3636dbd916775305cd785c005c8b)] -> xpath: //button[@id='checkout-shipping-continue']]
2022-08-16 20:08:172 INFO  Checkout :155 - I Enter card number : [[ChromeDriver: chrome on WINDOWS (e44c3636dbd916775305cd785c005c8b)] -> id: ccNumber]
2022-08-16 20:08:236 INFO  Checkout :157 - I Enter card expiry : [[ChromeDriver: chrome on WINDOWS (e44c3636dbd916775305cd785c005c8b)] -> id: ccExpiry]
2022-08-16 20:08:308 INFO  Checkout :159 - I Enter card name: [[ChromeDriver: chrome on WINDOWS (e44c3636dbd916775305cd785c005c8b)] -> id: ccName]
2022-08-16 20:08:388 INFO  Checkout :161 - I Enter cvv: [[ChromeDriver: chrome on WINDOWS (e44c3636dbd916775305cd785c005c8b)] -> id: ccCvv]
2022-08-16 20:08:451 INFO  Checkout :168 - click on PlaceOrder : [[ChromeDriver: chrome on WINDOWS (e44c3636dbd916775305cd785c005c8b)] -> id: checkout-payment-continue]
2022-08-16 21:08:942 INFO  ManageDriver :32 - Launching Chrome Browser
2022-08-16 21:08:516 INFO  Homepage :35 - Clicking on Accept Cookies : [[ChromeDriver: chrome on WINDOWS (2297b48957f230cb9805493fcdc9bd84)] -> xpath: //button[contains(text(),'Accept All Cookies')]]
2022-08-16 21:08:570 INFO  Homepage :30 - Clicking on Kitchen : [[ChromeDriver: chrome on WINDOWS (2297b48957f230cb9805493fcdc9bd84)] -> xpath: //header/div[@id='menu']/nav[1]/ul[1]/li[3]/a[1]]
2022-08-16 21:08:920 INFO  Kitchen :25 - Clicking on Tiered Wire Basket : [[ChromeDriver: chrome on WINDOWS (2297b48957f230cb9805493fcdc9bd84)] -> xpath: //a[contains(text(),'Tiered Wire Basket')]]
2022-08-16 21:08:906 INFO  TieredWireBasket :28 - Clicking on Add To Chart : [[ChromeDriver: chrome on WINDOWS (2297b48957f230cb9805493fcdc9bd84)] -> xpath: //input[@id='form-action-addToCart']]
2022-08-16 21:08:161 INFO  TieredWireBasket :33 - Clicking on Proceed To Checkout : [[ChromeDriver: chrome on WINDOWS (2297b48957f230cb9805493fcdc9bd84)] -> xpath: //a[contains(text(),'Proceed to checkout')]]
2022-08-16 21:08:897 INFO  Checkout :107 - i verify the price : [[ChromeDriver: chrome on WINDOWS (2297b48957f230cb9805493fcdc9bd84)] -> xpath: //body/div[@id='checkout-app']/div[1]/div[1]/div[1]/aside[1]/article[1]/section[3]/div[1]/div[1]/span[2]/span[1]]
2022-08-16 21:08:921 INFO  Checkout :94 - Clicking yes on Privacy Policy : [[ChromeDriver: chrome on WINDOWS (2297b48957f230cb9805493fcdc9bd84)] -> xpath: //body[1]/div[1]/div[1]/div[1]/div[1]/div[1]/ol[1]/li[1]/div[2]/div[1]/div[1]/form[1]/fieldset[1]/div[1]/div[1]/div[1]/fieldset[1]/div[1]/div[1]/label[1]/span[1]]
2022-08-16 21:08:173 INFO  Checkout :89 - I Enter email : [[ChromeDriver: chrome on WINDOWS (2297b48957f230cb9805493fcdc9bd84)] -> xpath: //input[@id='email']]
2022-08-16 21:08:292 INFO  Checkout :100 - Clicking on Continue as guest : [[ChromeDriver: chrome on WINDOWS (2297b48957f230cb9805493fcdc9bd84)] -> xpath: //button[@id='checkout-customer-continue']]
2022-08-16 21:08:560 INFO  Checkout :112 - I Enter First Name : [[ChromeDriver: chrome on WINDOWS (2297b48957f230cb9805493fcdc9bd84)] -> xpath: //input[@id='firstNameInput']]
2022-08-16 21:08:706 INFO  Checkout :117 - I Enter Last Name : [[ChromeDriver: chrome on WINDOWS (2297b48957f230cb9805493fcdc9bd84)] -> xpath: //input[@id='lastNameInput']]
2022-08-16 21:08:806 INFO  Checkout :122 - I Enter Address Name : [[ChromeDriver: chrome on WINDOWS (2297b48957f230cb9805493fcdc9bd84)] -> id: addressLine1Input]
2022-08-16 21:08:22 INFO  Checkout :127 - I Enter City Name : London
2022-08-16 21:08:147 INFO  Checkout :133 - I Enter Post Code : [[ChromeDriver: chrome on WINDOWS (2297b48957f230cb9805493fcdc9bd84)] -> id: postCodeInput]
2022-08-16 21:08:257 INFO  Checkout :138 - I Enter PhoneNumber : [[ChromeDriver: chrome on WINDOWS (2297b48957f230cb9805493fcdc9bd84)] -> id: phoneInput]
2022-08-16 21:08:436 INFO  Checkout :148 - I click On Continue : [[ChromeDriver: chrome on WINDOWS (2297b48957f230cb9805493fcdc9bd84)] -> xpath: //button[@id='checkout-shipping-continue']]
2022-08-16 21:08:837 INFO  Checkout :155 - I Enter card number : [[ChromeDriver: chrome on WINDOWS (2297b48957f230cb9805493fcdc9bd84)] -> id: ccNumber]
2022-08-16 21:08:974 INFO  Checkout :157 - I Enter card expiry : [[ChromeDriver: chrome on WINDOWS (2297b48957f230cb9805493fcdc9bd84)] -> id: ccExpiry]
2022-08-16 21:08:48 INFO  Checkout :159 - I Enter card name: [[ChromeDriver: chrome on WINDOWS (2297b48957f230cb9805493fcdc9bd84)] -> id: ccName]
2022-08-16 21:08:133 INFO  Checkout :161 - I Enter cvv: [[ChromeDriver: chrome on WINDOWS (2297b48957f230cb9805493fcdc9bd84)] -> id: ccCvv]
2022-08-16 21:08:200 INFO  Checkout :168 - click on PlaceOrder : [[ChromeDriver: chrome on WINDOWS (2297b48957f230cb9805493fcdc9bd84)] -> id: checkout-payment-continue]
2022-08-16 21:08:135 INFO  ManageDriver :32 - Launching Chrome Browser
2022-08-16 21:08:509 INFO  Homepage :35 - Clicking on Accept Cookies : [[ChromeDriver: chrome on WINDOWS (71c67064946b5c10224faf54e8ced530)] -> xpath: //button[contains(text(),'Accept All Cookies')]]
2022-08-16 21:08:563 INFO  Homepage :30 - Clicking on Kitchen : [[ChromeDriver: chrome on WINDOWS (71c67064946b5c10224faf54e8ced530)] -> xpath: //header/div[@id='menu']/nav[1]/ul[1]/li[3]/a[1]]
2022-08-16 21:08:560 INFO  Kitchen :25 - Clicking on Tiered Wire Basket : [[ChromeDriver: chrome on WINDOWS (71c67064946b5c10224faf54e8ced530)] -> xpath: //a[contains(text(),'Tiered Wire Basket')]]
2022-08-16 21:08:471 INFO  TieredWireBasket :28 - Clicking on Add To Chart : [[ChromeDriver: chrome on WINDOWS (71c67064946b5c10224faf54e8ced530)] -> xpath: //input[@id='form-action-addToCart']]
2022-08-16 21:08:621 INFO  TieredWireBasket :33 - Clicking on Proceed To Checkout : [[ChromeDriver: chrome on WINDOWS (71c67064946b5c10224faf54e8ced530)] -> xpath: //a[contains(text(),'Proceed to checkout')]]
2022-08-16 21:08:81 INFO  Checkout :107 - i verify the price : [[ChromeDriver: chrome on WINDOWS (71c67064946b5c10224faf54e8ced530)] -> xpath: //body/div[@id='checkout-app']/div[1]/div[1]/div[1]/aside[1]/article[1]/section[3]/div[1]/div[1]/span[2]/span[1]]
2022-08-16 21:08:100 INFO  Checkout :94 - Clicking yes on Privacy Policy : [[ChromeDriver: chrome on WINDOWS (71c67064946b5c10224faf54e8ced530)] -> xpath: //body[1]/div[1]/div[1]/div[1]/div[1]/div[1]/ol[1]/li[1]/div[2]/div[1]/div[1]/form[1]/fieldset[1]/div[1]/div[1]/div[1]/fieldset[1]/div[1]/div[1]/label[1]/span[1]]
2022-08-16 21:08:293 INFO  Checkout :89 - I Enter email : [[ChromeDriver: chrome on WINDOWS (71c67064946b5c10224faf54e8ced530)] -> xpath: //input[@id='email']]
2022-08-16 21:08:430 INFO  Checkout :100 - Clicking on Continue as guest : [[ChromeDriver: chrome on WINDOWS (71c67064946b5c10224faf54e8ced530)] -> xpath: //button[@id='checkout-customer-continue']]
2022-08-16 21:08:642 INFO  Checkout :112 - I Enter First Name : [[ChromeDriver: chrome on WINDOWS (71c67064946b5c10224faf54e8ced530)] -> xpath: //input[@id='firstNameInput']]
2022-08-16 21:08:789 INFO  Checkout :117 - I Enter Last Name : [[ChromeDriver: chrome on WINDOWS (71c67064946b5c10224faf54e8ced530)] -> xpath: //input[@id='lastNameInput']]
2022-08-16 21:08:897 INFO  Checkout :122 - I Enter Address Name : [[ChromeDriver: chrome on WINDOWS (71c67064946b5c10224faf54e8ced530)] -> id: addressLine1Input]
2022-08-16 21:08:105 INFO  Checkout :127 - I Enter City Name : London
2022-08-16 21:08:228 INFO  Checkout :133 - I Enter Post Code : [[ChromeDriver: chrome on WINDOWS (71c67064946b5c10224faf54e8ced530)] -> id: postCodeInput]
2022-08-16 21:08:338 INFO  Checkout :138 - I Enter PhoneNumber : [[ChromeDriver: chrome on WINDOWS (71c67064946b5c10224faf54e8ced530)] -> id: phoneInput]
2022-08-16 21:08:514 INFO  Checkout :148 - I click On Continue : [[ChromeDriver: chrome on WINDOWS (71c67064946b5c10224faf54e8ced530)] -> xpath: //button[@id='checkout-shipping-continue']]
2022-08-16 21:08:329 INFO  ManageDriver :32 - Launching Chrome Browser
2022-08-16 21:08:812 INFO  Homepage :35 - Clicking on Accept Cookies : [[ChromeDriver: chrome on WINDOWS (589f6a66349d6d75d61b965db083384a)] -> xpath: //button[contains(text(),'Accept All Cookies')]]
2022-08-16 21:08:866 INFO  Homepage :30 - Clicking on Kitchen : [[ChromeDriver: chrome on WINDOWS (589f6a66349d6d75d61b965db083384a)] -> xpath: //header/div[@id='menu']/nav[1]/ul[1]/li[3]/a[1]]
2022-08-16 21:08:963 INFO  Kitchen :25 - Clicking on Tiered Wire Basket : [[ChromeDriver: chrome on WINDOWS (589f6a66349d6d75d61b965db083384a)] -> xpath: //a[contains(text(),'Tiered Wire Basket')]]
2022-08-16 21:08:930 INFO  TieredWireBasket :28 - Clicking on Add To Chart : [[ChromeDriver: chrome on WINDOWS (589f6a66349d6d75d61b965db083384a)] -> xpath: //input[@id='form-action-addToCart']]
2022-08-16 21:08:115 INFO  TieredWireBasket :33 - Clicking on Proceed To Checkout : [[ChromeDriver: chrome on WINDOWS (589f6a66349d6d75d61b965db083384a)] -> xpath: //a[contains(text(),'Proceed to checkout')]]
2022-08-16 21:08:682 INFO  Checkout :107 - i verify the price : [[ChromeDriver: chrome on WINDOWS (589f6a66349d6d75d61b965db083384a)] -> xpath: //body/div[@id='checkout-app']/div[1]/div[1]/div[1]/aside[1]/article[1]/section[3]/div[1]/div[1]/span[2]/span[1]]
2022-08-16 21:08:703 INFO  Checkout :94 - Clicking yes on Privacy Policy : [[ChromeDriver: chrome on WINDOWS (589f6a66349d6d75d61b965db083384a)] -> xpath: //body[1]/div[1]/div[1]/div[1]/div[1]/div[1]/ol[1]/li[1]/div[2]/div[1]/div[1]/form[1]/fieldset[1]/div[1]/div[1]/div[1]/fieldset[1]/div[1]/div[1]/label[1]/span[1]]
2022-08-16 21:08:05 INFO  Checkout :89 - I Enter email : [[ChromeDriver: chrome on WINDOWS (589f6a66349d6d75d61b965db083384a)] -> xpath: //input[@id='email']]
2022-08-16 21:08:120 INFO  Checkout :100 - Clicking on Continue as guest : [[ChromeDriver: chrome on WINDOWS (589f6a66349d6d75d61b965db083384a)] -> xpath: //button[@id='checkout-customer-continue']]
2022-08-16 21:08:474 INFO  Checkout :112 - I Enter First Name : [[ChromeDriver: chrome on WINDOWS (589f6a66349d6d75d61b965db083384a)] -> xpath: //input[@id='firstNameInput']]
2022-08-16 21:08:625 INFO  Checkout :117 - I Enter Last Name : [[ChromeDriver: chrome on WINDOWS (589f6a66349d6d75d61b965db083384a)] -> xpath: //input[@id='lastNameInput']]
2022-08-16 21:08:726 INFO  Checkout :122 - I Enter Address Name : [[ChromeDriver: chrome on WINDOWS (589f6a66349d6d75d61b965db083384a)] -> id: addressLine1Input]
2022-08-16 21:08:943 INFO  Checkout :127 - I Enter City Name : London
2022-08-16 21:08:63 INFO  Checkout :133 - I Enter Post Code : [[ChromeDriver: chrome on WINDOWS (589f6a66349d6d75d61b965db083384a)] -> id: postCodeInput]
2022-08-16 21:08:171 INFO  Checkout :138 - I Enter PhoneNumber : [[ChromeDriver: chrome on WINDOWS (589f6a66349d6d75d61b965db083384a)] -> id: phoneInput]
2022-08-16 21:08:350 INFO  Checkout :148 - I click On Continue : [[ChromeDriver: chrome on WINDOWS (589f6a66349d6d75d61b965db083384a)] -> xpath: //button[@id='checkout-shipping-continue']]
2022-08-16 21:08:624 INFO  Checkout :155 - I Enter card number : [[ChromeDriver: chrome on WINDOWS (589f6a66349d6d75d61b965db083384a)] -> id: ccNumber]
2022-08-16 21:08:759 INFO  Checkout :157 - I Enter card expiry : [[ChromeDriver: chrome on WINDOWS (589f6a66349d6d75d61b965db083384a)] -> id: ccExpiry]
2022-08-16 21:08:837 INFO  Checkout :159 - I Enter card name: [[ChromeDriver: chrome on WINDOWS (589f6a66349d6d75d61b965db083384a)] -> id: ccName]
2022-08-16 21:08:921 INFO  Checkout :161 - I Enter cvv: [[ChromeDriver: chrome on WINDOWS (589f6a66349d6d75d61b965db083384a)] -> id: ccCvv]
2022-08-16 21:08:987 INFO  Checkout :168 - click on PlaceOrder : [[ChromeDriver: chrome on WINDOWS (589f6a66349d6d75d61b965db083384a)] -> id: checkout-payment-continue]
2022-08-16 21:08:148 INFO  ManageDriver :32 - Launching Chrome Browser
2022-08-16 21:08:790 INFO  Homepage :35 - Clicking on Accept Cookies : [[ChromeDriver: chrome on WINDOWS (00f5ca77b1ae04395bc6caf1d31fbfd6)] -> xpath: //button[contains(text(),'Accept All Cookies')]]
2022-08-16 21:08:844 INFO  Homepage :30 - Clicking on Kitchen : [[ChromeDriver: chrome on WINDOWS (00f5ca77b1ae04395bc6caf1d31fbfd6)] -> xpath: //header/div[@id='menu']/nav[1]/ul[1]/li[3]/a[1]]
2022-08-16 21:08:105 INFO  Kitchen :25 - Clicking on Tiered Wire Basket : [[ChromeDriver: chrome on WINDOWS (00f5ca77b1ae04395bc6caf1d31fbfd6)] -> xpath: //a[contains(text(),'Tiered Wire Basket')]]
2022-08-16 21:08:447 INFO  TieredWireBasket :28 - Clicking on Add To Chart : [[ChromeDriver: chrome on WINDOWS (00f5ca77b1ae04395bc6caf1d31fbfd6)] -> xpath: //input[@id='form-action-addToCart']]
2022-08-16 21:08:131 INFO  TieredWireBasket :33 - Clicking on Proceed To Checkout : [[ChromeDriver: chrome on WINDOWS (00f5ca77b1ae04395bc6caf1d31fbfd6)] -> xpath: //a[contains(text(),'Proceed to checkout')]]
2022-08-16 21:08:949 INFO  Checkout :107 - i verify the price : [[ChromeDriver: chrome on WINDOWS (00f5ca77b1ae04395bc6caf1d31fbfd6)] -> xpath: //body/div[@id='checkout-app']/div[1]/div[1]/div[1]/aside[1]/article[1]/section[3]/div[1]/div[1]/span[2]/span[1]]
2022-08-16 21:08:323 INFO  ManageDriver :32 - Launching Chrome Browser
2022-08-16 21:08:826 INFO  Homepage :35 - Clicking on Accept Cookies : [[ChromeDriver: chrome on WINDOWS (99f5f3b5da958cc7cb334753701f0013)] -> xpath: //button[contains(text(),'Accept All Cookies')]]
2022-08-16 21:08:878 INFO  Homepage :30 - Clicking on Kitchen : [[ChromeDriver: chrome on WINDOWS (99f5f3b5da958cc7cb334753701f0013)] -> xpath: //header/div[@id='menu']/nav[1]/ul[1]/li[3]/a[1]]
2022-08-16 21:08:877 INFO  Kitchen :25 - Clicking on Tiered Wire Basket : [[ChromeDriver: chrome on WINDOWS (99f5f3b5da958cc7cb334753701f0013)] -> xpath: //a[contains(text(),'Tiered Wire Basket')]]
2022-08-16 21:08:353 INFO  TieredWireBasket :28 - Clicking on Add To Chart : [[ChromeDriver: chrome on WINDOWS (99f5f3b5da958cc7cb334753701f0013)] -> xpath: //input[@id='form-action-addToCart']]
2022-08-16 21:08:551 INFO  TieredWireBasket :33 - Clicking on Proceed To Checkout : [[ChromeDriver: chrome on WINDOWS (99f5f3b5da958cc7cb334753701f0013)] -> xpath: //a[contains(text(),'Proceed to checkout')]]
2022-08-16 21:08:98 INFO  Checkout :106 - I verify the price of the product : [[ChromeDriver: chrome on WINDOWS (99f5f3b5da958cc7cb334753701f0013)] -> xpath: //body/div[@id='checkout-app']/div[1]/div[1]/div[1]/aside[1]/article[1]/section[3]/div[1]/div[1]/span[2]/span[1]]
2022-08-16 21:08:122 INFO  Checkout :93 - Clicking yes on Privacy Policy : [[ChromeDriver: chrome on WINDOWS (99f5f3b5da958cc7cb334753701f0013)] -> xpath: //body[1]/div[1]/div[1]/div[1]/div[1]/div[1]/ol[1]/li[1]/div[2]/div[1]/div[1]/form[1]/fieldset[1]/div[1]/div[1]/div[1]/fieldset[1]/div[1]/div[1]/label[1]/span[1]]
2022-08-16 21:08:313 INFO  Checkout :88 - I Enter email : [[ChromeDriver: chrome on WINDOWS (99f5f3b5da958cc7cb334753701f0013)] -> xpath: //input[@id='email']]
2022-08-16 21:08:430 INFO  Checkout :99 - Clicking on Continue as guest : [[ChromeDriver: chrome on WINDOWS (99f5f3b5da958cc7cb334753701f0013)] -> xpath: //button[@id='checkout-customer-continue']]
2022-08-16 21:08:174 INFO  Checkout :111 - I Enter First Name : Proxy element for: DefaultElementLocator 'By.xpath: //input[@id='firstNameInput']'
2022-08-16 21:08:915 INFO  ManageDriver :32 - Launching Chrome Browser
2022-08-16 21:08:189 INFO  Homepage :35 - Clicking on Accept Cookies : [[ChromeDriver: chrome on WINDOWS (21ed33b172749bab7c9feaf430ff0142)] -> xpath: //button[contains(text(),'Accept All Cookies')]]
2022-08-16 21:08:241 INFO  Homepage :30 - Clicking on Kitchen : [[ChromeDriver: chrome on WINDOWS (21ed33b172749bab7c9feaf430ff0142)] -> xpath: //header/div[@id='menu']/nav[1]/ul[1]/li[3]/a[1]]
2022-08-16 21:08:742 INFO  Kitchen :25 - Clicking on Tiered Wire Basket : [[ChromeDriver: chrome on WINDOWS (21ed33b172749bab7c9feaf430ff0142)] -> xpath: //a[contains(text(),'Tiered Wire Basket')]]
2022-08-16 21:08:604 INFO  TieredWireBasket :28 - Clicking on Add To Chart : [[ChromeDriver: chrome on WINDOWS (21ed33b172749bab7c9feaf430ff0142)] -> xpath: //input[@id='form-action-addToCart']]
2022-08-16 21:08:730 INFO  TieredWireBasket :33 - Clicking on Proceed To Checkout : [[ChromeDriver: chrome on WINDOWS (21ed33b172749bab7c9feaf430ff0142)] -> xpath: //a[contains(text(),'Proceed to checkout')]]
2022-08-16 21:08:382 INFO  Checkout :106 - I verify the price of the product : [[ChromeDriver: chrome on WINDOWS (21ed33b172749bab7c9feaf430ff0142)] -> xpath: //body/div[@id='checkout-app']/div[1]/div[1]/div[1]/aside[1]/article[1]/section[3]/div[1]/div[1]/span[2]/span[1]]
2022-08-16 21:08:401 INFO  Checkout :93 - Clicking yes on Privacy Policy : [[ChromeDriver: chrome on WINDOWS (21ed33b172749bab7c9feaf430ff0142)] -> xpath: //body[1]/div[1]/div[1]/div[1]/div[1]/div[1]/ol[1]/li[1]/div[2]/div[1]/div[1]/form[1]/fieldset[1]/div[1]/div[1]/div[1]/fieldset[1]/div[1]/div[1]/label[1]/span[1]]
2022-08-16 21:08:649 INFO  Checkout :88 - I Enter email : [[ChromeDriver: chrome on WINDOWS (21ed33b172749bab7c9feaf430ff0142)] -> xpath: //input[@id='email']]
2022-08-16 21:08:766 INFO  Checkout :99 - Clicking on Continue as guest : [[ChromeDriver: chrome on WINDOWS (21ed33b172749bab7c9feaf430ff0142)] -> xpath: //button[@id='checkout-customer-continue']]
2022-08-16 21:08:961 INFO  Checkout :111 - I Enter First Name : [[ChromeDriver: chrome on WINDOWS (21ed33b172749bab7c9feaf430ff0142)] -> xpath: //input[@id='firstNameInput']]
2022-08-16 21:08:92 INFO  Checkout :116 - I Enter Last Name : [[ChromeDriver: chrome on WINDOWS (21ed33b172749bab7c9feaf430ff0142)] -> xpath: //input[@id='lastNameInput']]
2022-08-16 21:08:194 INFO  Checkout :121 - I Enter Address Name : [[ChromeDriver: chrome on WINDOWS (21ed33b172749bab7c9feaf430ff0142)] -> id: addressLine1Input]
2022-08-16 21:08:407 INFO  Checkout :126 - I Enter City Name : London
2022-08-16 21:08:528 INFO  Checkout :132 - I Enter Post Code : [[ChromeDriver: chrome on WINDOWS (21ed33b172749bab7c9feaf430ff0142)] -> id: postCodeInput]
2022-08-16 21:08:634 INFO  Checkout :137 - I Enter PhoneNumber : [[ChromeDriver: chrome on WINDOWS (21ed33b172749bab7c9feaf430ff0142)] -> id: phoneInput]
2022-08-16 21:08:819 INFO  Checkout :145 - I click On Continue : [[ChromeDriver: chrome on WINDOWS (21ed33b172749bab7c9feaf430ff0142)] -> xpath: //button[@id='checkout-shipping-continue']]
2022-08-16 21:08:193 INFO  Checkout :152 - I Enter card number : [[ChromeDriver: chrome on WINDOWS (21ed33b172749bab7c9feaf430ff0142)] -> id: ccNumber]
2022-08-16 21:08:324 INFO  Checkout :154 - I Enter card expiry : [[ChromeDriver: chrome on WINDOWS (21ed33b172749bab7c9feaf430ff0142)] -> id: ccExpiry]
2022-08-16 21:08:399 INFO  Checkout :156 - I Enter card name: [[ChromeDriver: chrome on WINDOWS (21ed33b172749bab7c9feaf430ff0142)] -> id: ccName]
2022-08-16 21:08:481 INFO  Checkout :158 - I Enter cvv: [[ChromeDriver: chrome on WINDOWS (21ed33b172749bab7c9feaf430ff0142)] -> id: ccCvv]
2022-08-16 21:08:547 INFO  Checkout :163 - click on PlaceOrder : [[ChromeDriver: chrome on WINDOWS (21ed33b172749bab7c9feaf430ff0142)] -> id: checkout-payment-continue]
